{"/Users/dokyungyang/Desktop/OOSE_Project2/project-team-02/server/app.ts": {"path":"/Users/dokyungyang/Desktop/OOSE_Project2/project-team-02/server/app.ts","statementMap":{"0":{"start":{"line":3,"column":0},"end":{"line":3,"column":51}},"1":{"start":{"line":5,"column":16},"end":{"line":5,"column":34}},"2":{"start":{"line":6,"column":19},"end":{"line":6,"column":41}},"3":{"start":{"line":7,"column":13},"end":{"line":7,"column":28}},"4":{"start":{"line":8,"column":32},"end":{"line":8,"column":52}},"5":{"start":{"line":9,"column":16},"end":{"line":9,"column":41}},"6":{"start":{"line":17,"column":8},"end":{"line":17,"column":null}},"7":{"start":{"line":18,"column":8},"end":{"line":18,"column":null}},"8":{"start":{"line":20,"column":8},"end":{"line":20,"column":null}},"9":{"start":{"line":24,"column":8},"end":{"line":26,"column":null}},"10":{"start":{"line":25,"column":12},"end":{"line":25,"column":null}},"11":{"start":{"line":27,"column":8},"end":{"line":27,"column":29}},"12":{"start":{"line":28,"column":8},"end":{"line":28,"column":null}},"13":{"start":{"line":29,"column":8},"end":{"line":29,"column":null}},"14":{"start":{"line":30,"column":8},"end":{"line":30,"column":null}},"15":{"start":{"line":34,"column":8},"end":{"line":34,"column":null}},"16":{"start":{"line":38,"column":8},"end":{"line":38,"column":27}},"17":{"start":{"line":42,"column":8},"end":{"line":42,"column":null}},"18":{"start":{"line":46,"column":0},"end":{"line":46,"column":null}}},"fnMap":{"0":{"name":"(anonymous_0)","decl":{"start":{"line":16,"column":4},"end":{"line":16,"column":null}},"loc":{"start":{"line":16,"column":4},"end":{"line":21,"column":5}}},"1":{"name":"(anonymous_1)","decl":{"start":{"line":23,"column":4},"end":{"line":23,"column":20}},"loc":{"start":{"line":23,"column":20},"end":{"line":31,"column":5}}},"2":{"name":"(anonymous_2)","decl":{"start":{"line":24,"column":26},"end":{"line":24,"column":27}},"loc":{"start":{"line":24,"column":49},"end":{"line":26,"column":9}}},"3":{"name":"(anonymous_3)","decl":{"start":{"line":33,"column":4},"end":{"line":33,"column":9}},"loc":{"start":{"line":33,"column":46},"end":{"line":35,"column":5}}},"4":{"name":"(anonymous_4)","decl":{"start":{"line":37,"column":4},"end":{"line":37,"column":9}},"loc":{"start":{"line":37,"column":15},"end":{"line":39,"column":5}}},"5":{"name":"(anonymous_5)","decl":{"start":{"line":41,"column":4},"end":{"line":41,"column":14}},"loc":{"start":{"line":41,"column":14},"end":{"line":43,"column":5}}}},"branchMap":{"0":{"loc":{"start":{"line":33,"column":23},"end":{"line":33,"column":46}},"type":"default-arg","locations":[{"start":{"line":33,"column":41},"end":{"line":33,"column":46}}]}},"s":{"0":6,"1":6,"2":6,"3":6,"4":6,"5":6,"6":6,"7":6,"8":6,"9":6,"10":0,"11":6,"12":6,"13":6,"14":6,"15":6,"16":6,"17":6,"18":6},"f":{"0":6,"1":6,"2":0,"3":6,"4":6,"5":6},"b":{"0":[0]}}
,"/Users/dokyungyang/Desktop/OOSE_Project2/project-team-02/server/data/ActivityPostDao.ts": {"path":"/Users/dokyungyang/Desktop/OOSE_Project2/project-team-02/server/data/ActivityPostDao.ts","statementMap":{"0":{"start":{"line":1,"column":21},"end":{"line":1,"column":56}},"1":{"start":{"line":2,"column":19},"end":{"line":2,"column":52}},"2":{"start":{"line":3,"column":25},"end":{"line":3,"column":42}},"3":{"start":{"line":4,"column":17},"end":{"line":4,"column":36}},"4":{"start":{"line":16,"column":27},"end":{"line":16,"column":79}},"5":{"start":{"line":17,"column":8},"end":{"line":33,"column":9}},"6":{"start":{"line":18,"column":12},"end":{"line":20,"column":13}},"7":{"start":{"line":19,"column":16},"end":{"line":19,"column":74}},"8":{"start":{"line":21,"column":12},"end":{"line":23,"column":13}},"9":{"start":{"line":22,"column":16},"end":{"line":22,"column":72}},"10":{"start":{"line":24,"column":12},"end":{"line":26,"column":13}},"11":{"start":{"line":25,"column":16},"end":{"line":25,"column":46}},"12":{"start":{"line":27,"column":12},"end":{"line":29,"column":13}},"13":{"start":{"line":28,"column":16},"end":{"line":28,"column":44}},"14":{"start":{"line":30,"column":12},"end":{"line":32,"column":13}},"15":{"start":{"line":31,"column":16},"end":{"line":31,"column":50}},"16":{"start":{"line":34,"column":21},"end":{"line":34,"column":55}},"17":{"start":{"line":35,"column":8},"end":{"line":35,"column":20}},"18":{"start":{"line":38,"column":21},"end":{"line":38,"column":60}},"19":{"start":{"line":39,"column":8},"end":{"line":39,"column":20}},"20":{"start":{"line":43,"column":22},"end":{"line":43,"column":63}},"21":{"start":{"line":44,"column":8},"end":{"line":44,"column":21}},"22":{"start":{"line":48,"column":8},"end":{"line":53,"column":9}},"23":{"start":{"line":49,"column":26},"end":{"line":49,"column":51}},"24":{"start":{"line":50,"column":12},"end":{"line":50,"column":null}},"25":{"start":{"line":52,"column":12},"end":{"line":52,"column":58}},"26":{"start":{"line":57,"column":21},"end":{"line":62,"column":33}},"27":{"start":{"line":63,"column":8},"end":{"line":63,"column":20}},"28":{"start":{"line":67,"column":21},"end":{"line":67,"column":76}},"29":{"start":{"line":68,"column":8},"end":{"line":68,"column":20}},"30":{"start":{"line":78,"column":27},"end":{"line":78,"column":29}},"31":{"start":{"line":81,"column":8},"end":{"line":106,"column":9}},"32":{"start":{"line":82,"column":12},"end":{"line":105,"column":13}},"33":{"start":{"line":83,"column":16},"end":{"line":104,"column":17}},"34":{"start":{"line":84,"column":20},"end":{"line":103,"column":21}},"35":{"start":{"line":86,"column":28},"end":{"line":86,"column":58}},"36":{"start":{"line":87,"column":28},"end":{"line":87,"column":34}},"37":{"start":{"line":89,"column":50},"end":{"line":89,"column":71}},"38":{"start":{"line":90,"column":28},"end":{"line":90,"column":89}},"39":{"start":{"line":91,"column":28},"end":{"line":91,"column":34}},"40":{"start":{"line":93,"column":47},"end":{"line":93,"column":63}},"41":{"start":{"line":94,"column":47},"end":{"line":94,"column":103}},"42":{"start":{"line":95,"column":28},"end":{"line":95,"column":82}},"43":{"start":{"line":96,"column":28},"end":{"line":96,"column":34}},"44":{"start":{"line":98,"column":28},"end":{"line":98,"column":54}},"45":{"start":{"line":99,"column":28},"end":{"line":99,"column":34}},"46":{"start":{"line":101,"column":28},"end":{"line":101,"column":60}},"47":{"start":{"line":102,"column":28},"end":{"line":102,"column":34}},"48":{"start":{"line":110,"column":22},"end":{"line":110,"column":59}},"49":{"start":{"line":112,"column":8},"end":{"line":112,"column":21}},"50":{"start":{"line":116,"column":27},"end":{"line":116,"column":79}},"51":{"start":{"line":117,"column":8},"end":{"line":133,"column":9}},"52":{"start":{"line":118,"column":12},"end":{"line":120,"column":13}},"53":{"start":{"line":119,"column":16},"end":{"line":119,"column":null}},"54":{"start":{"line":121,"column":12},"end":{"line":123,"column":13}},"55":{"start":{"line":122,"column":16},"end":{"line":122,"column":72}},"56":{"start":{"line":124,"column":12},"end":{"line":126,"column":13}},"57":{"start":{"line":125,"column":16},"end":{"line":125,"column":46}},"58":{"start":{"line":127,"column":12},"end":{"line":129,"column":13}},"59":{"start":{"line":128,"column":16},"end":{"line":128,"column":44}},"60":{"start":{"line":130,"column":12},"end":{"line":132,"column":13}},"61":{"start":{"line":131,"column":16},"end":{"line":131,"column":50}},"62":{"start":{"line":134,"column":19},"end":{"line":134,"column":68}},"63":{"start":{"line":135,"column":8},"end":{"line":135,"column":20}},"64":{"start":{"line":139,"column":21},"end":{"line":141,"column":24}},"65":{"start":{"line":142,"column":8},"end":{"line":142,"column":null}},"66":{"start":{"line":146,"column":28},"end":{"line":146,"column":76}},"67":{"start":{"line":147,"column":8},"end":{"line":149,"column":9}},"68":{"start":{"line":148,"column":12},"end":{"line":148,"column":null}},"69":{"start":{"line":150,"column":8},"end":{"line":150,"column":30}},"70":{"start":{"line":153,"column":8},"end":{"line":153,"column":null}},"71":{"start":{"line":14,"column":0},"end":{"line":14,"column":13}},"72":{"start":{"line":156,"column":0},"end":{"line":156,"column":33}}},"fnMap":{"0":{"name":"(anonymous_0)","decl":{"start":{"line":15,"column":4},"end":{"line":15,"column":9}},"loc":{"start":{"line":15,"column":237},"end":{"line":36,"column":5}}},"1":{"name":"(anonymous_1)","decl":{"start":{"line":37,"column":4},"end":{"line":37,"column":9}},"loc":{"start":{"line":37,"column":27},"end":{"line":40,"column":5}}},"2":{"name":"(anonymous_2)","decl":{"start":{"line":42,"column":4},"end":{"line":42,"column":9}},"loc":{"start":{"line":42,"column":35},"end":{"line":45,"column":5}}},"3":{"name":"(anonymous_3)","decl":{"start":{"line":47,"column":4},"end":{"line":47,"column":9}},"loc":{"start":{"line":47,"column":17},"end":{"line":54,"column":5}}},"4":{"name":"(anonymous_4)","decl":{"start":{"line":56,"column":4},"end":{"line":56,"column":9}},"loc":{"start":{"line":56,"column":57},"end":{"line":64,"column":5}}},"5":{"name":"(anonymous_5)","decl":{"start":{"line":66,"column":4},"end":{"line":66,"column":9}},"loc":{"start":{"line":66,"column":35},"end":{"line":69,"column":5}}},"6":{"name":"(anonymous_6)","decl":{"start":{"line":71,"column":4},"end":{"line":71,"column":9}},"loc":{"start":{"line":71,"column":32},"end":{"line":114,"column":5}}},"7":{"name":"(anonymous_7)","decl":{"start":{"line":115,"column":4},"end":{"line":115,"column":9}},"loc":{"start":{"line":115,"column":237},"end":{"line":136,"column":5}}},"8":{"name":"(anonymous_8)","decl":{"start":{"line":138,"column":4},"end":{"line":138,"column":9}},"loc":{"start":{"line":138,"column":88},"end":{"line":143,"column":5}}},"9":{"name":"(anonymous_9)","decl":{"start":{"line":145,"column":4},"end":{"line":145,"column":9}},"loc":{"start":{"line":145,"column":25},"end":{"line":151,"column":5}}},"10":{"name":"(anonymous_10)","decl":{"start":{"line":152,"column":4},"end":{"line":152,"column":9}},"loc":{"start":{"line":152,"column":19},"end":{"line":154,"column":5}}}},"branchMap":{"0":{"loc":{"start":{"line":17,"column":8},"end":{"line":33,"column":9}},"type":"if","locations":[{"start":{"line":17,"column":8},"end":{"line":33,"column":9}}]},"1":{"loc":{"start":{"line":18,"column":12},"end":{"line":20,"column":13}},"type":"if","locations":[{"start":{"line":18,"column":12},"end":{"line":20,"column":13}}]},"2":{"loc":{"start":{"line":21,"column":12},"end":{"line":23,"column":13}},"type":"if","locations":[{"start":{"line":21,"column":12},"end":{"line":23,"column":13}}]},"3":{"loc":{"start":{"line":24,"column":12},"end":{"line":26,"column":13}},"type":"if","locations":[{"start":{"line":24,"column":12},"end":{"line":26,"column":13}}]},"4":{"loc":{"start":{"line":27,"column":12},"end":{"line":29,"column":13}},"type":"if","locations":[{"start":{"line":27,"column":12},"end":{"line":29,"column":13}}]},"5":{"loc":{"start":{"line":30,"column":12},"end":{"line":32,"column":13}},"type":"if","locations":[{"start":{"line":30,"column":12},"end":{"line":32,"column":13}}]},"6":{"loc":{"start":{"line":82,"column":12},"end":{"line":105,"column":13}},"type":"if","locations":[{"start":{"line":82,"column":12},"end":{"line":105,"column":13}}]},"7":{"loc":{"start":{"line":83,"column":16},"end":{"line":104,"column":17}},"type":"if","locations":[{"start":{"line":83,"column":16},"end":{"line":104,"column":17}}]},"8":{"loc":{"start":{"line":84,"column":20},"end":{"line":103,"column":21}},"type":"switch","locations":[{"start":{"line":85,"column":24},"end":{"line":87,"column":34}},{"start":{"line":88,"column":24},"end":{"line":91,"column":34}},{"start":{"line":92,"column":24},"end":{"line":96,"column":34}},{"start":{"line":97,"column":24},"end":{"line":99,"column":34}},{"start":{"line":100,"column":24},"end":{"line":102,"column":34}}]},"9":{"loc":{"start":{"line":94,"column":47},"end":{"line":94,"column":103}},"type":"cond-expr","locations":[{"start":{"line":94,"column":67},"end":{"line":94,"column":84}},{"start":{"line":94,"column":87},"end":{"line":94,"column":103}}]},"10":{"loc":{"start":{"line":117,"column":8},"end":{"line":133,"column":9}},"type":"if","locations":[{"start":{"line":117,"column":8},"end":{"line":133,"column":9}}]},"11":{"loc":{"start":{"line":118,"column":12},"end":{"line":120,"column":13}},"type":"if","locations":[{"start":{"line":118,"column":12},"end":{"line":120,"column":13}}]},"12":{"loc":{"start":{"line":121,"column":12},"end":{"line":123,"column":13}},"type":"if","locations":[{"start":{"line":121,"column":12},"end":{"line":123,"column":13}}]},"13":{"loc":{"start":{"line":124,"column":12},"end":{"line":126,"column":13}},"type":"if","locations":[{"start":{"line":124,"column":12},"end":{"line":126,"column":13}}]},"14":{"loc":{"start":{"line":127,"column":12},"end":{"line":129,"column":13}},"type":"if","locations":[{"start":{"line":127,"column":12},"end":{"line":129,"column":13}}]},"15":{"loc":{"start":{"line":130,"column":12},"end":{"line":132,"column":13}},"type":"if","locations":[{"start":{"line":130,"column":12},"end":{"line":132,"column":13}}]},"16":{"loc":{"start":{"line":147,"column":8},"end":{"line":149,"column":9}},"type":"if","locations":[{"start":{"line":147,"column":8},"end":{"line":149,"column":9}}]}},"s":{"0":7,"1":7,"2":7,"3":7,"4":50,"5":50,"6":50,"7":46,"8":50,"9":40,"10":50,"11":46,"12":50,"13":41,"14":50,"15":0,"16":50,"17":50,"18":9,"19":9,"20":0,"21":0,"22":5,"23":5,"24":5,"25":0,"26":0,"27":0,"28":4,"29":4,"30":10,"31":10,"32":8,"33":8,"34":8,"35":3,"36":3,"37":2,"38":2,"39":2,"40":0,"41":0,"42":0,"43":0,"44":3,"45":3,"46":0,"47":0,"48":10,"49":10,"50":4,"51":4,"52":4,"53":3,"54":4,"55":2,"56":4,"57":2,"58":4,"59":2,"60":4,"61":1,"62":4,"63":4,"64":5,"65":5,"66":9,"67":9,"68":2,"69":7,"70":0,"71":7,"72":7},"f":{"0":50,"1":9,"2":0,"3":5,"4":0,"5":4,"6":10,"7":4,"8":5,"9":9,"10":0},"b":{"0":[50],"1":[46],"2":[40],"3":[46],"4":[41],"5":[0],"6":[8],"7":[8],"8":[3,2,0,3,0],"9":[0,0],"10":[4],"11":[3],"12":[2],"13":[2],"14":[2],"15":[1],"16":[2]}}
,"/Users/dokyungyang/Desktop/OOSE_Project2/project-team-02/server/data/CourseDao.ts": {"path":"/Users/dokyungyang/Desktop/OOSE_Project2/project-team-02/server/data/CourseDao.ts","statementMap":{"0":{"start":{"line":1,"column":15},"end":{"line":1,"column":44}},"1":{"start":{"line":2,"column":17},"end":{"line":2,"column":36}},"2":{"start":{"line":6,"column":8},"end":{"line":11,"column":9}},"3":{"start":{"line":7,"column":25},"end":{"line":7,"column":91}},"4":{"start":{"line":8,"column":12},"end":{"line":8,"column":24}},"5":{"start":{"line":10,"column":12},"end":{"line":10,"column":76}},"6":{"start":{"line":14,"column":23},"end":{"line":14,"column":56}},"7":{"start":{"line":15,"column":8},"end":{"line":15,"column":22}},"8":{"start":{"line":18,"column":29},"end":{"line":18,"column":31}},"9":{"start":{"line":19,"column":8},"end":{"line":21,"column":9}},"10":{"start":{"line":20,"column":12},"end":{"line":20,"column":70}},"11":{"start":{"line":22,"column":8},"end":{"line":24,"column":9}},"12":{"start":{"line":23,"column":12},"end":{"line":23,"column":72}},"13":{"start":{"line":25,"column":8},"end":{"line":27,"column":9}},"14":{"start":{"line":26,"column":12},"end":{"line":26,"column":80}},"15":{"start":{"line":28,"column":8},"end":{"line":33,"column":9}},"16":{"start":{"line":29,"column":28},"end":{"line":29,"column":53}},"17":{"start":{"line":30,"column":12},"end":{"line":30,"column":null}},"18":{"start":{"line":32,"column":12},"end":{"line":32,"column":60}},"19":{"start":{"line":36,"column":21},"end":{"line":36,"column":133}},"20":{"start":{"line":37,"column":8},"end":{"line":37,"column":20}},"21":{"start":{"line":40,"column":21},"end":{"line":40,"column":63}},"22":{"start":{"line":41,"column":8},"end":{"line":41,"column":20}},"23":{"start":{"line":44,"column":8},"end":{"line":44,"column":null}},"24":{"start":{"line":4,"column":0},"end":{"line":4,"column":13}},"25":{"start":{"line":47,"column":0},"end":{"line":47,"column":27}}},"fnMap":{"0":{"name":"(anonymous_0)","decl":{"start":{"line":5,"column":4},"end":{"line":5,"column":9}},"loc":{"start":{"line":5,"column":83},"end":{"line":12,"column":5}}},"1":{"name":"(anonymous_1)","decl":{"start":{"line":13,"column":4},"end":{"line":13,"column":9}},"loc":{"start":{"line":13,"column":27},"end":{"line":16,"column":5}}},"2":{"name":"(anonymous_2)","decl":{"start":{"line":17,"column":4},"end":{"line":17,"column":9}},"loc":{"start":{"line":17,"column":135},"end":{"line":34,"column":5}}},"3":{"name":"(anonymous_3)","decl":{"start":{"line":35,"column":4},"end":{"line":35,"column":9}},"loc":{"start":{"line":35,"column":139},"end":{"line":38,"column":5}}},"4":{"name":"(anonymous_4)","decl":{"start":{"line":39,"column":4},"end":{"line":39,"column":9}},"loc":{"start":{"line":39,"column":25},"end":{"line":42,"column":5}}},"5":{"name":"(anonymous_5)","decl":{"start":{"line":43,"column":4},"end":{"line":43,"column":9}},"loc":{"start":{"line":43,"column":19},"end":{"line":45,"column":5}}}},"branchMap":{"0":{"loc":{"start":{"line":19,"column":8},"end":{"line":21,"column":9}},"type":"if","locations":[{"start":{"line":19,"column":8},"end":{"line":21,"column":9}}]},"1":{"loc":{"start":{"line":22,"column":8},"end":{"line":24,"column":9}},"type":"if","locations":[{"start":{"line":22,"column":8},"end":{"line":24,"column":9}}]},"2":{"loc":{"start":{"line":25,"column":8},"end":{"line":27,"column":9}},"type":"if","locations":[{"start":{"line":25,"column":8},"end":{"line":27,"column":9}}]}},"s":{"0":7,"1":7,"2":24,"3":24,"4":24,"5":0,"6":4,"7":4,"8":4,"9":4,"10":3,"11":4,"12":1,"13":4,"14":0,"15":4,"16":4,"17":4,"18":0,"19":1,"20":1,"21":2,"22":2,"23":8,"24":7,"25":7},"f":{"0":24,"1":4,"2":4,"3":1,"4":2,"5":8},"b":{"0":[3],"1":[1],"2":[0]}}
,"/Users/dokyungyang/Desktop/OOSE_Project2/project-team-02/server/data/CoursePostDao.ts": {"path":"/Users/dokyungyang/Desktop/OOSE_Project2/project-team-02/server/data/CoursePostDao.ts","statementMap":{"0":{"start":{"line":1,"column":19},"end":{"line":1,"column":52}},"1":{"start":{"line":2,"column":17},"end":{"line":2,"column":36}},"2":{"start":{"line":15,"column":27},"end":{"line":15,"column":92}},"3":{"start":{"line":16,"column":8},"end":{"line":45,"column":9}},"4":{"start":{"line":17,"column":12},"end":{"line":19,"column":13}},"5":{"start":{"line":18,"column":16},"end":{"line":18,"column":null}},"6":{"start":{"line":20,"column":12},"end":{"line":22,"column":13}},"7":{"start":{"line":21,"column":16},"end":{"line":21,"column":60}},"8":{"start":{"line":23,"column":12},"end":{"line":25,"column":13}},"9":{"start":{"line":24,"column":16},"end":{"line":24,"column":46}},"10":{"start":{"line":26,"column":12},"end":{"line":28,"column":13}},"11":{"start":{"line":27,"column":16},"end":{"line":27,"column":68}},"12":{"start":{"line":29,"column":12},"end":{"line":31,"column":13}},"13":{"start":{"line":30,"column":16},"end":{"line":30,"column":62}},"14":{"start":{"line":32,"column":12},"end":{"line":34,"column":13}},"15":{"start":{"line":33,"column":16},"end":{"line":33,"column":62}},"16":{"start":{"line":35,"column":12},"end":{"line":37,"column":13}},"17":{"start":{"line":36,"column":16},"end":{"line":36,"column":72}},"18":{"start":{"line":38,"column":12},"end":{"line":40,"column":13}},"19":{"start":{"line":39,"column":16},"end":{"line":39,"column":62}},"20":{"start":{"line":41,"column":12},"end":{"line":43,"column":13}},"21":{"start":{"line":42,"column":16},"end":{"line":42,"column":50}},"22":{"start":{"line":46,"column":21},"end":{"line":46,"column":53}},"23":{"start":{"line":47,"column":8},"end":{"line":47,"column":20}},"24":{"start":{"line":50,"column":21},"end":{"line":50,"column":58}},"25":{"start":{"line":51,"column":8},"end":{"line":51,"column":20}},"26":{"start":{"line":55,"column":22},"end":{"line":55,"column":61}},"27":{"start":{"line":56,"column":8},"end":{"line":56,"column":21}},"28":{"start":{"line":60,"column":29},"end":{"line":60,"column":31}},"29":{"start":{"line":61,"column":8},"end":{"line":63,"column":9}},"30":{"start":{"line":62,"column":12},"end":{"line":62,"column":68}},"31":{"start":{"line":64,"column":8},"end":{"line":66,"column":9}},"32":{"start":{"line":65,"column":12},"end":{"line":65,"column":72}},"33":{"start":{"line":67,"column":8},"end":{"line":71,"column":9}},"34":{"start":{"line":68,"column":31},"end":{"line":68,"column":39}},"35":{"start":{"line":69,"column":31},"end":{"line":69,"column":63}},"36":{"start":{"line":70,"column":12},"end":{"line":70,"column":64}},"37":{"start":{"line":72,"column":8},"end":{"line":77,"column":9}},"38":{"start":{"line":73,"column":26},"end":{"line":73,"column":55}},"39":{"start":{"line":74,"column":12},"end":{"line":74,"column":25}},"40":{"start":{"line":76,"column":12},"end":{"line":76,"column":58}},"41":{"start":{"line":81,"column":21},"end":{"line":86,"column":33}},"42":{"start":{"line":87,"column":8},"end":{"line":87,"column":20}},"43":{"start":{"line":91,"column":21},"end":{"line":91,"column":74}},"44":{"start":{"line":92,"column":8},"end":{"line":92,"column":20}},"45":{"start":{"line":96,"column":27},"end":{"line":96,"column":92}},"46":{"start":{"line":97,"column":8},"end":{"line":125,"column":9}},"47":{"start":{"line":98,"column":12},"end":{"line":100,"column":13}},"48":{"start":{"line":99,"column":16},"end":{"line":99,"column":null}},"49":{"start":{"line":101,"column":12},"end":{"line":103,"column":13}},"50":{"start":{"line":102,"column":16},"end":{"line":102,"column":60}},"51":{"start":{"line":104,"column":12},"end":{"line":106,"column":13}},"52":{"start":{"line":105,"column":16},"end":{"line":105,"column":46}},"53":{"start":{"line":107,"column":12},"end":{"line":109,"column":13}},"54":{"start":{"line":108,"column":16},"end":{"line":108,"column":68}},"55":{"start":{"line":110,"column":12},"end":{"line":112,"column":13}},"56":{"start":{"line":111,"column":16},"end":{"line":111,"column":62}},"57":{"start":{"line":113,"column":12},"end":{"line":115,"column":13}},"58":{"start":{"line":114,"column":16},"end":{"line":114,"column":62}},"59":{"start":{"line":116,"column":12},"end":{"line":118,"column":13}},"60":{"start":{"line":117,"column":16},"end":{"line":117,"column":72}},"61":{"start":{"line":119,"column":12},"end":{"line":121,"column":13}},"62":{"start":{"line":120,"column":16},"end":{"line":120,"column":62}},"63":{"start":{"line":122,"column":12},"end":{"line":124,"column":13}},"64":{"start":{"line":123,"column":16},"end":{"line":123,"column":50}},"65":{"start":{"line":126,"column":19},"end":{"line":126,"column":67}},"66":{"start":{"line":127,"column":8},"end":{"line":127,"column":20}},"67":{"start":{"line":131,"column":21},"end":{"line":133,"column":24}},"68":{"start":{"line":134,"column":8},"end":{"line":134,"column":null}},"69":{"start":{"line":138,"column":21},"end":{"line":138,"column":60}},"70":{"start":{"line":139,"column":8},"end":{"line":139,"column":20}},"71":{"start":{"line":143,"column":8},"end":{"line":143,"column":null}},"72":{"start":{"line":13,"column":0},"end":{"line":13,"column":13}},"73":{"start":{"line":146,"column":0},"end":{"line":146,"column":31}}},"fnMap":{"0":{"name":"(anonymous_0)","decl":{"start":{"line":14,"column":4},"end":{"line":14,"column":9}},"loc":{"start":{"line":14,"column":353},"end":{"line":48,"column":5}}},"1":{"name":"(anonymous_1)","decl":{"start":{"line":49,"column":4},"end":{"line":49,"column":9}},"loc":{"start":{"line":49,"column":27},"end":{"line":52,"column":5}}},"2":{"name":"(anonymous_2)","decl":{"start":{"line":54,"column":4},"end":{"line":54,"column":9}},"loc":{"start":{"line":54,"column":35},"end":{"line":57,"column":5}}},"3":{"name":"(anonymous_3)","decl":{"start":{"line":59,"column":4},"end":{"line":59,"column":9}},"loc":{"start":{"line":59,"column":146},"end":{"line":78,"column":5}}},"4":{"name":"(anonymous_4)","decl":{"start":{"line":80,"column":4},"end":{"line":80,"column":9}},"loc":{"start":{"line":80,"column":57},"end":{"line":88,"column":5}}},"5":{"name":"(anonymous_5)","decl":{"start":{"line":90,"column":4},"end":{"line":90,"column":9}},"loc":{"start":{"line":90,"column":35},"end":{"line":93,"column":5}}},"6":{"name":"(anonymous_6)","decl":{"start":{"line":95,"column":4},"end":{"line":95,"column":9}},"loc":{"start":{"line":95,"column":358},"end":{"line":128,"column":5}}},"7":{"name":"(anonymous_7)","decl":{"start":{"line":130,"column":4},"end":{"line":130,"column":9}},"loc":{"start":{"line":130,"column":88},"end":{"line":135,"column":5}}},"8":{"name":"(anonymous_8)","decl":{"start":{"line":137,"column":4},"end":{"line":137,"column":9}},"loc":{"start":{"line":137,"column":28},"end":{"line":140,"column":5}}},"9":{"name":"(anonymous_9)","decl":{"start":{"line":142,"column":4},"end":{"line":142,"column":9}},"loc":{"start":{"line":142,"column":19},"end":{"line":144,"column":5}}}},"branchMap":{"0":{"loc":{"start":{"line":16,"column":8},"end":{"line":45,"column":9}},"type":"if","locations":[{"start":{"line":16,"column":8},"end":{"line":45,"column":9}}]},"1":{"loc":{"start":{"line":17,"column":12},"end":{"line":19,"column":13}},"type":"if","locations":[{"start":{"line":17,"column":12},"end":{"line":19,"column":13}}]},"2":{"loc":{"start":{"line":20,"column":12},"end":{"line":22,"column":13}},"type":"if","locations":[{"start":{"line":20,"column":12},"end":{"line":22,"column":13}}]},"3":{"loc":{"start":{"line":23,"column":12},"end":{"line":25,"column":13}},"type":"if","locations":[{"start":{"line":23,"column":12},"end":{"line":25,"column":13}}]},"4":{"loc":{"start":{"line":26,"column":12},"end":{"line":28,"column":13}},"type":"if","locations":[{"start":{"line":26,"column":12},"end":{"line":28,"column":13}}]},"5":{"loc":{"start":{"line":29,"column":12},"end":{"line":31,"column":13}},"type":"if","locations":[{"start":{"line":29,"column":12},"end":{"line":31,"column":13}}]},"6":{"loc":{"start":{"line":32,"column":12},"end":{"line":34,"column":13}},"type":"if","locations":[{"start":{"line":32,"column":12},"end":{"line":34,"column":13}}]},"7":{"loc":{"start":{"line":35,"column":12},"end":{"line":37,"column":13}},"type":"if","locations":[{"start":{"line":35,"column":12},"end":{"line":37,"column":13}}]},"8":{"loc":{"start":{"line":38,"column":12},"end":{"line":40,"column":13}},"type":"if","locations":[{"start":{"line":38,"column":12},"end":{"line":40,"column":13}}]},"9":{"loc":{"start":{"line":41,"column":12},"end":{"line":43,"column":13}},"type":"if","locations":[{"start":{"line":41,"column":12},"end":{"line":43,"column":13}}]},"10":{"loc":{"start":{"line":61,"column":8},"end":{"line":63,"column":9}},"type":"if","locations":[{"start":{"line":61,"column":8},"end":{"line":63,"column":9}}]},"11":{"loc":{"start":{"line":64,"column":8},"end":{"line":66,"column":9}},"type":"if","locations":[{"start":{"line":64,"column":8},"end":{"line":66,"column":9}}]},"12":{"loc":{"start":{"line":67,"column":8},"end":{"line":71,"column":9}},"type":"if","locations":[{"start":{"line":67,"column":8},"end":{"line":71,"column":9}}]},"13":{"loc":{"start":{"line":69,"column":31},"end":{"line":69,"column":63}},"type":"cond-expr","locations":[{"start":{"line":69,"column":43},"end":{"line":69,"column":52}},{"start":{"line":69,"column":55},"end":{"line":69,"column":63}}]},"14":{"loc":{"start":{"line":97,"column":8},"end":{"line":125,"column":9}},"type":"if","locations":[{"start":{"line":97,"column":8},"end":{"line":125,"column":9}}]},"15":{"loc":{"start":{"line":98,"column":12},"end":{"line":100,"column":13}},"type":"if","locations":[{"start":{"line":98,"column":12},"end":{"line":100,"column":13}}]},"16":{"loc":{"start":{"line":101,"column":12},"end":{"line":103,"column":13}},"type":"if","locations":[{"start":{"line":101,"column":12},"end":{"line":103,"column":13}}]},"17":{"loc":{"start":{"line":104,"column":12},"end":{"line":106,"column":13}},"type":"if","locations":[{"start":{"line":104,"column":12},"end":{"line":106,"column":13}}]},"18":{"loc":{"start":{"line":107,"column":12},"end":{"line":109,"column":13}},"type":"if","locations":[{"start":{"line":107,"column":12},"end":{"line":109,"column":13}}]},"19":{"loc":{"start":{"line":110,"column":12},"end":{"line":112,"column":13}},"type":"if","locations":[{"start":{"line":110,"column":12},"end":{"line":112,"column":13}}]},"20":{"loc":{"start":{"line":113,"column":12},"end":{"line":115,"column":13}},"type":"if","locations":[{"start":{"line":113,"column":12},"end":{"line":115,"column":13}}]},"21":{"loc":{"start":{"line":116,"column":12},"end":{"line":118,"column":13}},"type":"if","locations":[{"start":{"line":116,"column":12},"end":{"line":118,"column":13}}]},"22":{"loc":{"start":{"line":119,"column":12},"end":{"line":121,"column":13}},"type":"if","locations":[{"start":{"line":119,"column":12},"end":{"line":121,"column":13}}]},"23":{"loc":{"start":{"line":122,"column":12},"end":{"line":124,"column":13}},"type":"if","locations":[{"start":{"line":122,"column":12},"end":{"line":124,"column":13}}]}},"s":{"0":7,"1":7,"2":72,"3":72,"4":70,"5":41,"6":70,"7":63,"8":70,"9":65,"10":70,"11":33,"12":70,"13":3,"14":70,"15":3,"16":70,"17":33,"18":70,"19":2,"20":70,"21":0,"22":72,"23":72,"24":13,"25":13,"26":0,"27":0,"28":19,"29":19,"30":6,"31":19,"32":5,"33":19,"34":3,"35":3,"36":3,"37":19,"38":19,"39":19,"40":0,"41":0,"42":0,"43":4,"44":4,"45":4,"46":4,"47":4,"48":4,"49":4,"50":3,"51":4,"52":4,"53":4,"54":1,"55":4,"56":1,"57":4,"58":1,"59":4,"60":1,"61":4,"62":0,"63":4,"64":0,"65":4,"66":4,"67":5,"68":5,"69":9,"70":9,"71":5,"72":7,"73":7},"f":{"0":72,"1":13,"2":0,"3":19,"4":0,"5":4,"6":4,"7":5,"8":9,"9":5},"b":{"0":[70],"1":[41],"2":[63],"3":[65],"4":[33],"5":[3],"6":[3],"7":[33],"8":[2],"9":[0],"10":[6],"11":[5],"12":[3],"13":[2,1],"14":[4],"15":[4],"16":[3],"17":[4],"18":[1],"19":[1],"20":[1],"21":[1],"22":[0],"23":[0]}}
,"/Users/dokyungyang/Desktop/OOSE_Project2/project-team-02/server/data/PostReviewDao.ts": {"path":"/Users/dokyungyang/Desktop/OOSE_Project2/project-team-02/server/data/PostReviewDao.ts","statementMap":{"0":{"start":{"line":1,"column":19},"end":{"line":1,"column":52}},"1":{"start":{"line":2,"column":17},"end":{"line":2,"column":36}},"2":{"start":{"line":7,"column":33},"end":{"line":7,"column":90}},"3":{"start":{"line":8,"column":8},"end":{"line":10,"column":9}},"4":{"start":{"line":9,"column":12},"end":{"line":9,"column":52}},"5":{"start":{"line":11,"column":21},"end":{"line":11,"column":59}},"6":{"start":{"line":12,"column":8},"end":{"line":12,"column":20}},"7":{"start":{"line":16,"column":8},"end":{"line":21,"column":9}},"8":{"start":{"line":17,"column":32},"end":{"line":17,"column":73}},"9":{"start":{"line":18,"column":12},"end":{"line":18,"column":31}},"10":{"start":{"line":20,"column":12},"end":{"line":20,"column":null}},"11":{"start":{"line":25,"column":27},"end":{"line":25,"column":63}},"12":{"start":{"line":26,"column":8},"end":{"line":26,"column":26}},"13":{"start":{"line":30,"column":8},"end":{"line":35,"column":9}},"14":{"start":{"line":31,"column":32},"end":{"line":31,"column":55}},"15":{"start":{"line":32,"column":12},"end":{"line":32,"column":31}},"16":{"start":{"line":34,"column":12},"end":{"line":34,"column":65}},"17":{"start":{"line":39,"column":21},"end":{"line":39,"column":66}},"18":{"start":{"line":40,"column":8},"end":{"line":40,"column":20}},"19":{"start":{"line":44,"column":8},"end":{"line":44,"column":null}},"20":{"start":{"line":4,"column":0},"end":{"line":4,"column":13}},"21":{"start":{"line":47,"column":0},"end":{"line":47,"column":31}}},"fnMap":{"0":{"name":"(anonymous_0)","decl":{"start":{"line":6,"column":4},"end":{"line":6,"column":9}},"loc":{"start":{"line":6,"column":135},"end":{"line":13,"column":5}}},"1":{"name":"(anonymous_1)","decl":{"start":{"line":15,"column":4},"end":{"line":15,"column":9}},"loc":{"start":{"line":15,"column":37},"end":{"line":22,"column":5}}},"2":{"name":"(anonymous_2)","decl":{"start":{"line":24,"column":4},"end":{"line":24,"column":9}},"loc":{"start":{"line":24,"column":26},"end":{"line":27,"column":5}}},"3":{"name":"(anonymous_3)","decl":{"start":{"line":29,"column":4},"end":{"line":29,"column":9}},"loc":{"start":{"line":29,"column":17},"end":{"line":36,"column":5}}},"4":{"name":"(anonymous_4)","decl":{"start":{"line":38,"column":4},"end":{"line":38,"column":9}},"loc":{"start":{"line":38,"column":25},"end":{"line":41,"column":5}}},"5":{"name":"(anonymous_5)","decl":{"start":{"line":43,"column":4},"end":{"line":43,"column":9}},"loc":{"start":{"line":43,"column":19},"end":{"line":45,"column":5}}}},"branchMap":{"0":{"loc":{"start":{"line":8,"column":8},"end":{"line":10,"column":9}},"type":"if","locations":[{"start":{"line":8,"column":8},"end":{"line":10,"column":9}}]}},"s":{"0":7,"1":7,"2":9,"3":9,"4":2,"5":9,"6":4,"7":1,"8":1,"9":1,"10":0,"11":5,"12":5,"13":0,"14":0,"15":0,"16":0,"17":2,"18":2,"19":0,"20":7,"21":7},"f":{"0":9,"1":1,"2":5,"3":0,"4":2,"5":0},"b":{"0":[2]}}
,"/Users/dokyungyang/Desktop/OOSE_Project2/project-team-02/server/data/ProfileDao.ts": {"path":"/Users/dokyungyang/Desktop/OOSE_Project2/project-team-02/server/data/ProfileDao.ts","statementMap":{"0":{"start":{"line":1,"column":0},"end":{"line":1,"column":45}},"1":{"start":{"line":6,"column":26},"end":{"line":6,"column":79}},"2":{"start":{"line":7,"column":4},"end":{"line":14,"column":5}},"3":{"start":{"line":8,"column":6},"end":{"line":10,"column":7}},"4":{"start":{"line":9,"column":8},"end":{"line":9,"column":null}},"5":{"start":{"line":11,"column":6},"end":{"line":13,"column":7}},"6":{"start":{"line":12,"column":8},"end":{"line":12,"column":53}},"7":{"start":{"line":15,"column":17},"end":{"line":15,"column":49}},"8":{"start":{"line":16,"column":4},"end":{"line":16,"column":16}},"9":{"start":{"line":20,"column":17},"end":{"line":20,"column":66}},"10":{"start":{"line":21,"column":4},"end":{"line":21,"column":16}},"11":{"start":{"line":25,"column":17},"end":{"line":30,"column":29}},"12":{"start":{"line":31,"column":4},"end":{"line":31,"column":16}},"13":{"start":{"line":35,"column":17},"end":{"line":35,"column":67}},"14":{"start":{"line":36,"column":4},"end":{"line":36,"column":16}},"15":{"start":{"line":40,"column":17},"end":{"line":40,"column":100}},"16":{"start":{"line":41,"column":4},"end":{"line":41,"column":16}},"17":{"start":{"line":45,"column":17},"end":{"line":45,"column":50}},"18":{"start":{"line":46,"column":4},"end":{"line":46,"column":16}},"19":{"start":{"line":50,"column":4},"end":{"line":53,"column":5}},"20":{"start":{"line":51,"column":19},"end":{"line":51,"column":63}},"21":{"start":{"line":52,"column":6},"end":{"line":52,"column":18}},"22":{"start":{"line":54,"column":18},"end":{"line":54,"column":20}},"23":{"start":{"line":56,"column":8},"end":{"line":77,"column":9}},"24":{"start":{"line":57,"column":10},"end":{"line":57,"column":null}},"25":{"start":{"line":58,"column":12},"end":{"line":73,"column":13}},"26":{"start":{"line":59,"column":14},"end":{"line":59,"column":null}},"27":{"start":{"line":60,"column":14},"end":{"line":62,"column":15}},"28":{"start":{"line":61,"column":16},"end":{"line":61,"column":null}},"29":{"start":{"line":63,"column":27},"end":{"line":63,"column":79}},"30":{"start":{"line":64,"column":14},"end":{"line":64,"column":26}},"31":{"start":{"line":66,"column":14},"end":{"line":66,"column":null}},"32":{"start":{"line":67,"column":14},"end":{"line":70,"column":15}},"33":{"start":{"line":68,"column":29},"end":{"line":68,"column":132}},"34":{"start":{"line":69,"column":16},"end":{"line":69,"column":28}},"35":{"start":{"line":71,"column":27},"end":{"line":71,"column":78}},"36":{"start":{"line":72,"column":14},"end":{"line":72,"column":26}},"37":{"start":{"line":74,"column":15},"end":{"line":77,"column":9}},"38":{"start":{"line":75,"column":23},"end":{"line":75,"column":104}},"39":{"start":{"line":76,"column":10},"end":{"line":76,"column":22}},"40":{"start":{"line":79,"column":21},"end":{"line":79,"column":73}},"41":{"start":{"line":80,"column":8},"end":{"line":80,"column":20}},"42":{"start":{"line":84,"column":26},"end":{"line":84,"column":79}},"43":{"start":{"line":85,"column":4},"end":{"line":98,"column":5}},"44":{"start":{"line":86,"column":6},"end":{"line":88,"column":7}},"45":{"start":{"line":87,"column":8},"end":{"line":87,"column":59}},"46":{"start":{"line":89,"column":6},"end":{"line":91,"column":7}},"47":{"start":{"line":90,"column":8},"end":{"line":90,"column":53}},"48":{"start":{"line":92,"column":6},"end":{"line":94,"column":7}},"49":{"start":{"line":93,"column":8},"end":{"line":93,"column":41}},"50":{"start":{"line":95,"column":6},"end":{"line":97,"column":7}},"51":{"start":{"line":96,"column":8},"end":{"line":96,"column":55}},"52":{"start":{"line":99,"column":17},"end":{"line":99,"column":65}},"53":{"start":{"line":100,"column":4},"end":{"line":100,"column":16}},"54":{"start":{"line":105,"column":4},"end":{"line":115,"column":5}},"55":{"start":{"line":106,"column":19},"end":{"line":108,"column":20}},"56":{"start":{"line":109,"column":6},"end":{"line":109,"column":18}},"57":{"start":{"line":111,"column":19},"end":{"line":113,"column":20}},"58":{"start":{"line":114,"column":6},"end":{"line":114,"column":18}},"59":{"start":{"line":119,"column":17},"end":{"line":121,"column":null}},"60":{"start":{"line":123,"column":4},"end":{"line":123,"column":null}},"61":{"start":{"line":127,"column":17},"end":{"line":129,"column":20}},"62":{"start":{"line":130,"column":4},"end":{"line":130,"column":null}},"63":{"start":{"line":134,"column":4},"end":{"line":144,"column":5}},"64":{"start":{"line":135,"column":19},"end":{"line":137,"column":20}},"65":{"start":{"line":138,"column":6},"end":{"line":138,"column":18}},"66":{"start":{"line":140,"column":19},"end":{"line":142,"column":20}},"67":{"start":{"line":143,"column":6},"end":{"line":143,"column":18}},"68":{"start":{"line":148,"column":17},"end":{"line":148,"column":53}},"69":{"start":{"line":149,"column":4},"end":{"line":149,"column":16}},"70":{"start":{"line":153,"column":4},"end":{"line":153,"column":null}},"71":{"start":{"line":4,"column":0},"end":{"line":4,"column":13}},"72":{"start":{"line":157,"column":0},"end":{"line":157,"column":28}}},"fnMap":{"0":{"name":"(anonymous_0)","decl":{"start":{"line":5,"column":2},"end":{"line":5,"column":7}},"loc":{"start":{"line":5,"column":165},"end":{"line":17,"column":3}}},"1":{"name":"(anonymous_1)","decl":{"start":{"line":19,"column":2},"end":{"line":19,"column":7}},"loc":{"start":{"line":19,"column":29},"end":{"line":22,"column":3}}},"2":{"name":"(anonymous_2)","decl":{"start":{"line":24,"column":2},"end":{"line":24,"column":7}},"loc":{"start":{"line":24,"column":55},"end":{"line":32,"column":3}}},"3":{"name":"(anonymous_3)","decl":{"start":{"line":34,"column":2},"end":{"line":34,"column":7}},"loc":{"start":{"line":34,"column":33},"end":{"line":37,"column":3}}},"4":{"name":"(anonymous_4)","decl":{"start":{"line":39,"column":2},"end":{"line":39,"column":7}},"loc":{"start":{"line":39,"column":37},"end":{"line":42,"column":3}}},"5":{"name":"(anonymous_5)","decl":{"start":{"line":44,"column":2},"end":{"line":44,"column":7}},"loc":{"start":{"line":44,"column":32},"end":{"line":47,"column":3}}},"6":{"name":"(anonymous_6)","decl":{"start":{"line":49,"column":2},"end":{"line":49,"column":7}},"loc":{"start":{"line":49,"column":99},"end":{"line":81,"column":3}}},"7":{"name":"(anonymous_7)","decl":{"start":{"line":83,"column":2},"end":{"line":83,"column":7}},"loc":{"start":{"line":83,"column":209},"end":{"line":101,"column":3}}},"8":{"name":"(anonymous_8)","decl":{"start":{"line":104,"column":2},"end":{"line":104,"column":7}},"loc":{"start":{"line":104,"column":74},"end":{"line":116,"column":3}}},"9":{"name":"(anonymous_9)","decl":{"start":{"line":118,"column":2},"end":{"line":118,"column":7}},"loc":{"start":{"line":118,"column":62},"end":{"line":124,"column":3}}},"10":{"name":"(anonymous_10)","decl":{"start":{"line":126,"column":2},"end":{"line":126,"column":7}},"loc":{"start":{"line":126,"column":86},"end":{"line":131,"column":3}}},"11":{"name":"(anonymous_11)","decl":{"start":{"line":133,"column":2},"end":{"line":133,"column":7}},"loc":{"start":{"line":133,"column":73},"end":{"line":145,"column":3}}},"12":{"name":"(anonymous_12)","decl":{"start":{"line":147,"column":2},"end":{"line":147,"column":7}},"loc":{"start":{"line":147,"column":26},"end":{"line":150,"column":3}}},"13":{"name":"(anonymous_13)","decl":{"start":{"line":152,"column":2},"end":{"line":152,"column":7}},"loc":{"start":{"line":152,"column":17},"end":{"line":154,"column":3}}}},"branchMap":{"0":{"loc":{"start":{"line":7,"column":4},"end":{"line":14,"column":5}},"type":"if","locations":[{"start":{"line":7,"column":4},"end":{"line":14,"column":5}}]},"1":{"loc":{"start":{"line":8,"column":6},"end":{"line":10,"column":7}},"type":"if","locations":[{"start":{"line":8,"column":6},"end":{"line":10,"column":7}}]},"2":{"loc":{"start":{"line":11,"column":6},"end":{"line":13,"column":7}},"type":"if","locations":[{"start":{"line":11,"column":6},"end":{"line":13,"column":7}}]},"3":{"loc":{"start":{"line":50,"column":4},"end":{"line":53,"column":5}},"type":"if","locations":[{"start":{"line":50,"column":4},"end":{"line":53,"column":5}}]},"4":{"loc":{"start":{"line":50,"column":8},"end":{"line":50,"column":41}},"type":"binary-expr","locations":[{"start":{"line":50,"column":8},"end":{"line":50,"column":18}},{"start":{"line":50,"column":22},"end":{"line":50,"column":31}},{"start":{"line":50,"column":35},"end":{"line":50,"column":41}}]},"5":{"loc":{"start":{"line":56,"column":8},"end":{"line":77,"column":9}},"type":"if","locations":[{"start":{"line":56,"column":8},"end":{"line":77,"column":9}},{"start":{"line":74,"column":15},"end":{"line":77,"column":9}}]},"6":{"loc":{"start":{"line":58,"column":12},"end":{"line":73,"column":13}},"type":"if","locations":[{"start":{"line":58,"column":12},"end":{"line":73,"column":13}},{"start":{"line":65,"column":19},"end":{"line":73,"column":13}}]},"7":{"loc":{"start":{"line":60,"column":14},"end":{"line":62,"column":15}},"type":"if","locations":[{"start":{"line":60,"column":14},"end":{"line":62,"column":15}}]},"8":{"loc":{"start":{"line":67,"column":14},"end":{"line":70,"column":15}},"type":"if","locations":[{"start":{"line":67,"column":14},"end":{"line":70,"column":15}}]},"9":{"loc":{"start":{"line":74,"column":15},"end":{"line":77,"column":9}},"type":"if","locations":[{"start":{"line":74,"column":15},"end":{"line":77,"column":9}}]},"10":{"loc":{"start":{"line":85,"column":4},"end":{"line":98,"column":5}},"type":"if","locations":[{"start":{"line":85,"column":4},"end":{"line":98,"column":5}}]},"11":{"loc":{"start":{"line":86,"column":6},"end":{"line":88,"column":7}},"type":"if","locations":[{"start":{"line":86,"column":6},"end":{"line":88,"column":7}}]},"12":{"loc":{"start":{"line":89,"column":6},"end":{"line":91,"column":7}},"type":"if","locations":[{"start":{"line":89,"column":6},"end":{"line":91,"column":7}}]},"13":{"loc":{"start":{"line":92,"column":6},"end":{"line":94,"column":7}},"type":"if","locations":[{"start":{"line":92,"column":6},"end":{"line":94,"column":7}}]},"14":{"loc":{"start":{"line":95,"column":6},"end":{"line":97,"column":7}},"type":"if","locations":[{"start":{"line":95,"column":6},"end":{"line":97,"column":7}}]},"15":{"loc":{"start":{"line":105,"column":4},"end":{"line":115,"column":5}},"type":"if","locations":[{"start":{"line":105,"column":4},"end":{"line":115,"column":5}},{"start":{"line":110,"column":11},"end":{"line":115,"column":5}}]},"16":{"loc":{"start":{"line":134,"column":4},"end":{"line":144,"column":5}},"type":"if","locations":[{"start":{"line":134,"column":4},"end":{"line":144,"column":5}},{"start":{"line":139,"column":11},"end":{"line":144,"column":5}}]}},"s":{"0":7,"1":59,"2":59,"3":53,"4":48,"5":53,"6":46,"7":59,"8":59,"9":9,"10":9,"11":0,"12":0,"13":7,"14":7,"15":2,"16":2,"17":3,"18":3,"19":7,"20":3,"21":3,"22":4,"23":4,"24":4,"25":4,"26":1,"27":1,"28":0,"29":1,"30":1,"31":3,"32":3,"33":0,"34":0,"35":3,"36":3,"37":0,"38":0,"39":0,"40":0,"41":0,"42":3,"43":3,"44":3,"45":3,"46":3,"47":2,"48":3,"49":0,"50":3,"51":0,"52":3,"53":3,"54":13,"55":1,"56":1,"57":12,"58":12,"59":0,"60":0,"61":5,"62":5,"63":2,"64":0,"65":0,"66":2,"67":2,"68":15,"69":15,"70":4,"71":7,"72":7},"f":{"0":59,"1":9,"2":0,"3":7,"4":2,"5":3,"6":7,"7":3,"8":13,"9":0,"10":5,"11":2,"12":15,"13":4},"b":{"0":[53],"1":[48],"2":[46],"3":[3],"4":[7,3,3],"5":[4,0],"6":[1,3],"7":[0],"8":[0],"9":[0],"10":[3],"11":[3],"12":[2],"13":[0],"14":[0],"15":[1,12],"16":[0,2]}}
,"/Users/dokyungyang/Desktop/OOSE_Project2/project-team-02/server/data/ReportDao.ts": {"path":"/Users/dokyungyang/Desktop/OOSE_Project2/project-team-02/server/data/ReportDao.ts","statementMap":{"0":{"start":{"line":3,"column":15},"end":{"line":3,"column":44}},"1":{"start":{"line":4,"column":17},"end":{"line":4,"column":36}},"2":{"start":{"line":17,"column":26},"end":{"line":17,"column":150}},"3":{"start":{"line":18,"column":21},"end":{"line":18,"column":51}},"4":{"start":{"line":19,"column":8},"end":{"line":19,"column":20}},"5":{"start":{"line":23,"column":24},"end":{"line":23,"column":43}},"6":{"start":{"line":24,"column":8},"end":{"line":24,"column":null}},"7":{"start":{"line":28,"column":23},"end":{"line":28,"column":56}},"8":{"start":{"line":29,"column":8},"end":{"line":29,"column":22}},"9":{"start":{"line":33,"column":24},"end":{"line":33,"column":67}},"10":{"start":{"line":34,"column":8},"end":{"line":34,"column":23}},"11":{"start":{"line":38,"column":24},"end":{"line":38,"column":67}},"12":{"start":{"line":39,"column":8},"end":{"line":39,"column":23}},"13":{"start":{"line":43,"column":30},"end":{"line":43,"column":137}},"14":{"start":{"line":44,"column":21},"end":{"line":44,"column":83}},"15":{"start":{"line":45,"column":8},"end":{"line":45,"column":20}},"16":{"start":{"line":49,"column":23},"end":{"line":49,"column":56}},"17":{"start":{"line":50,"column":21},"end":{"line":50,"column":85}},"18":{"start":{"line":51,"column":8},"end":{"line":51,"column":20}},"19":{"start":{"line":55,"column":21},"end":{"line":55,"column":64}},"20":{"start":{"line":59,"column":8},"end":{"line":59,"column":null}},"21":{"start":{"line":14,"column":0},"end":{"line":14,"column":13}},"22":{"start":{"line":63,"column":0},"end":{"line":63,"column":27}}},"fnMap":{"0":{"name":"(anonymous_0)","decl":{"start":{"line":16,"column":4},"end":{"line":16,"column":9}},"loc":{"start":{"line":16,"column":178},"end":{"line":20,"column":5}}},"1":{"name":"(anonymous_1)","decl":{"start":{"line":22,"column":4},"end":{"line":22,"column":9}},"loc":{"start":{"line":22,"column":17},"end":{"line":25,"column":5}}},"2":{"name":"(anonymous_2)","decl":{"start":{"line":27,"column":4},"end":{"line":27,"column":9}},"loc":{"start":{"line":27,"column":26},"end":{"line":30,"column":5}}},"3":{"name":"(anonymous_3)","decl":{"start":{"line":32,"column":4},"end":{"line":32,"column":9}},"loc":{"start":{"line":32,"column":43},"end":{"line":35,"column":5}}},"4":{"name":"(anonymous_4)","decl":{"start":{"line":37,"column":4},"end":{"line":37,"column":9}},"loc":{"start":{"line":37,"column":43},"end":{"line":40,"column":5}}},"5":{"name":"(anonymous_5)","decl":{"start":{"line":42,"column":4},"end":{"line":42,"column":9}},"loc":{"start":{"line":42,"column":188},"end":{"line":46,"column":5}}},"6":{"name":"(anonymous_6)","decl":{"start":{"line":48,"column":4},"end":{"line":48,"column":9}},"loc":{"start":{"line":48,"column":33},"end":{"line":52,"column":5}}},"7":{"name":"(anonymous_7)","decl":{"start":{"line":54,"column":4},"end":{"line":54,"column":9}},"loc":{"start":{"line":54,"column":25},"end":{"line":56,"column":5}}},"8":{"name":"(anonymous_8)","decl":{"start":{"line":58,"column":4},"end":{"line":58,"column":9}},"loc":{"start":{"line":58,"column":19},"end":{"line":60,"column":5}}}},"branchMap":{},"s":{"0":7,"1":7,"2":11,"3":11,"4":11,"5":2,"6":2,"7":1,"8":1,"9":1,"10":1,"11":1,"12":1,"13":1,"14":1,"15":1,"16":1,"17":1,"18":1,"19":1,"20":1,"21":7,"22":7},"f":{"0":11,"1":2,"2":1,"3":1,"4":1,"5":1,"6":1,"7":1,"8":1},"b":{}}
,"/Users/dokyungyang/Desktop/OOSE_Project2/project-team-02/server/data/db.ts": {"path":"/Users/dokyungyang/Desktop/OOSE_Project2/project-team-02/server/data/db.ts","statementMap":{"0":{"start":{"line":1,"column":0},"end":{"line":1,"column":27}},"1":{"start":{"line":2,"column":11},"end":{"line":2,"column":30}},"2":{"start":{"line":3,"column":12},"end":{"line":3,"column":33}},"3":{"start":{"line":4,"column":16},"end":{"line":4,"column":42}},"4":{"start":{"line":7,"column":2},"end":{"line":16,"column":3}},"5":{"start":{"line":8,"column":4},"end":{"line":12,"column":5}},"6":{"start":{"line":9,"column":6},"end":{"line":9,"column":32}},"7":{"start":{"line":11,"column":6},"end":{"line":11,"column":28}},"8":{"start":{"line":13,"column":4},"end":{"line":13,"column":41}},"9":{"start":{"line":15,"column":4},"end":{"line":15,"column":21}},"10":{"start":{"line":20,"column":2},"end":{"line":25,"column":3}},"11":{"start":{"line":21,"column":4},"end":{"line":21,"column":26}},"12":{"start":{"line":22,"column":4},"end":{"line":22,"column":46}},"13":{"start":{"line":24,"column":4},"end":{"line":24,"column":60}},"14":{"start":{"line":28,"column":0},"end":{"line":28,"column":41}}},"fnMap":{"0":{"name":"connect","decl":{"start":{"line":6,"column":15},"end":{"line":6,"column":22}},"loc":{"start":{"line":6,"column":38},"end":{"line":17,"column":1}}},"1":{"name":"disconnect","decl":{"start":{"line":19,"column":15},"end":{"line":19,"column":25}},"loc":{"start":{"line":19,"column":25},"end":{"line":26,"column":1}}}},"branchMap":{"0":{"loc":{"start":{"line":8,"column":4},"end":{"line":12,"column":5}},"type":"if","locations":[{"start":{"line":8,"column":4},"end":{"line":12,"column":5}},{"start":{"line":10,"column":11},"end":{"line":12,"column":5}}]}},"s":{"0":6,"1":6,"2":6,"3":6,"4":6,"5":6,"6":6,"7":0,"8":6,"9":0,"10":6,"11":6,"12":6,"13":0,"14":6},"f":{"0":6,"1":6},"b":{"0":[6,0]}}
,"/Users/dokyungyang/Desktop/OOSE_Project2/project-team-02/server/model/ActivityPost.ts": {"path":"/Users/dokyungyang/Desktop/OOSE_Project2/project-team-02/server/model/ActivityPost.ts","statementMap":{"0":{"start":{"line":3,"column":17},"end":{"line":3,"column":36}},"1":{"start":{"line":4,"column":19},"end":{"line":4,"column":52}},"2":{"start":{"line":5,"column":25},"end":{"line":5,"column":42}},"3":{"start":{"line":6,"column":0},"end":{"line":6,"column":39}},"4":{"start":{"line":8,"column":27},"end":{"line":49,"column":2}},"5":{"start":{"line":51,"column":21},"end":{"line":51,"column":71}},"6":{"start":{"line":53,"column":0},"end":{"line":53,"column":30}}},"fnMap":{},"branchMap":{},"s":{"0":7,"1":7,"2":7,"3":7,"4":7,"5":7,"6":7},"f":{},"b":{}}
,"/Users/dokyungyang/Desktop/OOSE_Project2/project-team-02/server/model/Course.ts": {"path":"/Users/dokyungyang/Desktop/OOSE_Project2/project-team-02/server/model/Course.ts","statementMap":{"0":{"start":{"line":3,"column":17},"end":{"line":3,"column":36}},"1":{"start":{"line":5,"column":21},"end":{"line":19,"column":4}},"2":{"start":{"line":21,"column":15},"end":{"line":21,"column":53}},"3":{"start":{"line":23,"column":0},"end":{"line":23,"column":24}}},"fnMap":{},"branchMap":{},"s":{"0":7,"1":7,"2":7,"3":7},"f":{},"b":{}}
,"/Users/dokyungyang/Desktop/OOSE_Project2/project-team-02/server/model/CoursePost.ts": {"path":"/Users/dokyungyang/Desktop/OOSE_Project2/project-team-02/server/model/CoursePost.ts","statementMap":{"0":{"start":{"line":3,"column":17},"end":{"line":3,"column":36}},"1":{"start":{"line":4,"column":17},"end":{"line":4,"column":36}},"2":{"start":{"line":5,"column":0},"end":{"line":5,"column":39}},"3":{"start":{"line":7,"column":19},"end":{"line":7,"column":52}},"4":{"start":{"line":8,"column":25},"end":{"line":8,"column":42}},"5":{"start":{"line":10,"column":25},"end":{"line":80,"column":2}},"6":{"start":{"line":82,"column":19},"end":{"line":82,"column":65}},"7":{"start":{"line":84,"column":0},"end":{"line":84,"column":28}}},"fnMap":{},"branchMap":{},"s":{"0":7,"1":7,"2":7,"3":7,"4":7,"5":7,"6":7,"7":7},"f":{},"b":{}}
,"/Users/dokyungyang/Desktop/OOSE_Project2/project-team-02/server/model/PostReview.ts": {"path":"/Users/dokyungyang/Desktop/OOSE_Project2/project-team-02/server/model/PostReview.ts","statementMap":{"0":{"start":{"line":3,"column":0},"end":{"line":3,"column":32}},"1":{"start":{"line":5,"column":25},"end":{"line":31,"column":2}},"2":{"start":{"line":33,"column":19},"end":{"line":33,"column":65}},"3":{"start":{"line":35,"column":0},"end":{"line":35,"column":28}}},"fnMap":{},"branchMap":{},"s":{"0":9,"1":9,"2":9,"3":9},"f":{},"b":{}}
,"/Users/dokyungyang/Desktop/OOSE_Project2/project-team-02/server/model/Profile.ts": {"path":"/Users/dokyungyang/Desktop/OOSE_Project2/project-team-02/server/model/Profile.ts","statementMap":{"0":{"start":{"line":3,"column":0},"end":{"line":3,"column":38}},"1":{"start":{"line":4,"column":0},"end":{"line":4,"column":39}},"2":{"start":{"line":6,"column":22},"end":{"line":66,"column":4}},"3":{"start":{"line":67,"column":16},"end":{"line":67,"column":56}},"4":{"start":{"line":69,"column":0},"end":{"line":69,"column":17}}},"fnMap":{},"branchMap":{},"s":{"0":7,"1":7,"2":7,"3":7,"4":7},"f":{},"b":{}}
,"/Users/dokyungyang/Desktop/OOSE_Project2/project-team-02/server/model/Report.ts": {"path":"/Users/dokyungyang/Desktop/OOSE_Project2/project-team-02/server/model/Report.ts","statementMap":{"0":{"start":{"line":3,"column":0},"end":{"line":3,"column":32}},"1":{"start":{"line":5,"column":21},"end":{"line":37,"column":2}},"2":{"start":{"line":39,"column":15},"end":{"line":39,"column":53}},"3":{"start":{"line":41,"column":0},"end":{"line":41,"column":24}}},"fnMap":{},"branchMap":{},"s":{"0":7,"1":7,"2":7,"3":7},"f":{},"b":{}}
,"/Users/dokyungyang/Desktop/OOSE_Project2/project-team-02/server/model/Views.ts": {"path":"/Users/dokyungyang/Desktop/OOSE_Project2/project-team-02/server/model/Views.ts","statementMap":{"0":{"start":{"line":1,"column":0},"end":{"line":1,"column":35}},"1":{"start":{"line":2,"column":0},"end":{"line":2,"column":37}},"2":{"start":{"line":4,"column":19},"end":{"line":17,"column":2}},"3":{"start":{"line":19,"column":0},"end":{"line":19,"column":null}}},"fnMap":{},"branchMap":{},"s":{"0":9,"1":9,"2":9,"3":9},"f":{},"b":{}}
,"/Users/dokyungyang/Desktop/OOSE_Project2/project-team-02/server/routes/activityPostPics.ts": {"path":"/Users/dokyungyang/Desktop/OOSE_Project2/project-team-02/server/routes/activityPostPics.ts","statementMap":{"0":{"start":{"line":5,"column":22},"end":{"line":5,"column":57}},"1":{"start":{"line":7,"column":0},"end":{"line":7,"column":43}},"2":{"start":{"line":11,"column":15},"end":{"line":11,"column":32}},"3":{"start":{"line":14,"column":23},"end":{"line":14,"column":31}},"4":{"start":{"line":17,"column":15},"end":{"line":17,"column":42}},"5":{"start":{"line":20,"column":78},"end":{"line":20,"column":107}},"6":{"start":{"line":23,"column":23},"end":{"line":23,"column":38}},"7":{"start":{"line":26,"column":15},"end":{"line":32,"column":2}},"8":{"start":{"line":36,"column":0},"end":{"line":69,"column":3}},"9":{"start":{"line":37,"column":2},"end":{"line":68,"column":3}},"10":{"start":{"line":38,"column":21},"end":{"line":38,"column":40}},"11":{"start":{"line":39,"column":25},"end":{"line":39,"column":64}},"12":{"start":{"line":41,"column":4},"end":{"line":43,"column":5}},"13":{"start":{"line":42,"column":6},"end":{"line":42,"column":65}},"14":{"start":{"line":46,"column":23},"end":{"line":46,"column":64}},"15":{"start":{"line":49,"column":16},"end":{"line":49,"column":29}},"16":{"start":{"line":52,"column":4},"end":{"line":54,"column":5}},"17":{"start":{"line":53,"column":6},"end":{"line":53,"column":81}},"18":{"start":{"line":56,"column":21},"end":{"line":56,"column":67}},"19":{"start":{"line":58,"column":4},"end":{"line":63,"column":5}},"20":{"start":{"line":60,"column":6},"end":{"line":60,"column":83}},"21":{"start":{"line":62,"column":6},"end":{"line":62,"column":86}},"22":{"start":{"line":66,"column":4},"end":{"line":66,"column":48}},"23":{"start":{"line":67,"column":4},"end":{"line":67,"column":55}},"24":{"start":{"line":72,"column":0},"end":{"line":96,"column":3}},"25":{"start":{"line":73,"column":2},"end":{"line":95,"column":3}},"26":{"start":{"line":74,"column":21},"end":{"line":74,"column":40}},"27":{"start":{"line":75,"column":16},"end":{"line":75,"column":30}},"28":{"start":{"line":76,"column":25},"end":{"line":76,"column":64}},"29":{"start":{"line":78,"column":4},"end":{"line":80,"column":5}},"30":{"start":{"line":79,"column":6},"end":{"line":79,"column":82}},"31":{"start":{"line":82,"column":23},"end":{"line":82,"column":64}},"32":{"start":{"line":84,"column":21},"end":{"line":84,"column":68}},"33":{"start":{"line":86,"column":4},"end":{"line":91,"column":5}},"34":{"start":{"line":88,"column":6},"end":{"line":88,"column":83}},"35":{"start":{"line":90,"column":6},"end":{"line":90,"column":85}},"36":{"start":{"line":93,"column":4},"end":{"line":93,"column":64}},"37":{"start":{"line":94,"column":4},"end":{"line":94,"column":61}},"38":{"start":{"line":99,"column":0},"end":{"line":132,"column":3}},"39":{"start":{"line":100,"column":2},"end":{"line":131,"column":3}},"40":{"start":{"line":101,"column":16},"end":{"line":101,"column":30}},"41":{"start":{"line":103,"column":4},"end":{"line":105,"column":5}},"42":{"start":{"line":104,"column":6},"end":{"line":104,"column":64}},"43":{"start":{"line":107,"column":23},"end":{"line":107,"column":64}},"44":{"start":{"line":110,"column":20},"end":{"line":110,"column":74}},"45":{"start":{"line":112,"column":21},"end":{"line":112,"column":47}},"46":{"start":{"line":126,"column":4},"end":{"line":126,"column":109}},"47":{"start":{"line":129,"column":4},"end":{"line":129,"column":66}},"48":{"start":{"line":130,"column":4},"end":{"line":130,"column":61}},"49":{"start":{"line":135,"column":0},"end":{"line":162,"column":3}},"50":{"start":{"line":136,"column":2},"end":{"line":161,"column":3}},"51":{"start":{"line":138,"column":21},"end":{"line":138,"column":40}},"52":{"start":{"line":139,"column":16},"end":{"line":139,"column":30}},"53":{"start":{"line":141,"column":4},"end":{"line":143,"column":5}},"54":{"start":{"line":142,"column":6},"end":{"line":142,"column":64}},"55":{"start":{"line":145,"column":23},"end":{"line":145,"column":64}},"56":{"start":{"line":148,"column":20},"end":{"line":148,"column":77}},"57":{"start":{"line":151,"column":21},"end":{"line":151,"column":47}},"58":{"start":{"line":154,"column":4},"end":{"line":154,"column":82}},"59":{"start":{"line":157,"column":4},"end":{"line":157,"column":84}},"60":{"start":{"line":159,"column":4},"end":{"line":159,"column":64}},"61":{"start":{"line":160,"column":4},"end":{"line":160,"column":61}},"62":{"start":{"line":164,"column":19},"end":{"line":179,"column":1}},"63":{"start":{"line":165,"column":18},"end":{"line":169,"column":4}},"64":{"start":{"line":171,"column":2},"end":{"line":178,"column":3}},"65":{"start":{"line":172,"column":21},"end":{"line":172,"column":47}},"66":{"start":{"line":173,"column":4},"end":{"line":173,"column":57}},"67":{"start":{"line":174,"column":4},"end":{"line":174,"column":20}},"68":{"start":{"line":176,"column":4},"end":{"line":176,"column":48}},"69":{"start":{"line":177,"column":4},"end":{"line":177,"column":14}},"70":{"start":{"line":181,"column":0},"end":{"line":181,"column":24}}},"fnMap":{"0":{"name":"(anonymous_0)","decl":{"start":{"line":36,"column":71},"end":{"line":36,"column":76}},"loc":{"start":{"line":36,"column":109},"end":{"line":69,"column":1}}},"1":{"name":"(anonymous_1)","decl":{"start":{"line":72,"column":75},"end":{"line":72,"column":80}},"loc":{"start":{"line":72,"column":113},"end":{"line":96,"column":1}}},"2":{"name":"(anonymous_2)","decl":{"start":{"line":99,"column":24},"end":{"line":99,"column":29}},"loc":{"start":{"line":99,"column":62},"end":{"line":132,"column":1}}},"3":{"name":"(anonymous_3)","decl":{"start":{"line":135,"column":40},"end":{"line":135,"column":45}},"loc":{"start":{"line":135,"column":78},"end":{"line":162,"column":1}}},"4":{"name":"(anonymous_4)","decl":{"start":{"line":164,"column":19},"end":{"line":164,"column":24}},"loc":{"start":{"line":164,"column":82},"end":{"line":179,"column":1}}}},"branchMap":{"0":{"loc":{"start":{"line":41,"column":4},"end":{"line":43,"column":5}},"type":"if","locations":[{"start":{"line":41,"column":4},"end":{"line":43,"column":5}}]},"1":{"loc":{"start":{"line":52,"column":4},"end":{"line":54,"column":5}},"type":"if","locations":[{"start":{"line":52,"column":4},"end":{"line":54,"column":5}}]},"2":{"loc":{"start":{"line":52,"column":8},"end":{"line":52,"column":27}},"type":"binary-expr","locations":[{"start":{"line":52,"column":8},"end":{"line":52,"column":19}},{"start":{"line":52,"column":23},"end":{"line":52,"column":27}}]},"3":{"loc":{"start":{"line":58,"column":4},"end":{"line":63,"column":5}},"type":"if","locations":[{"start":{"line":58,"column":4},"end":{"line":63,"column":5}}]},"4":{"loc":{"start":{"line":78,"column":4},"end":{"line":80,"column":5}},"type":"if","locations":[{"start":{"line":78,"column":4},"end":{"line":80,"column":5}}]},"5":{"loc":{"start":{"line":78,"column":8},"end":{"line":78,"column":28}},"type":"binary-expr","locations":[{"start":{"line":78,"column":8},"end":{"line":78,"column":12}},{"start":{"line":78,"column":16},"end":{"line":78,"column":28}}]},"6":{"loc":{"start":{"line":86,"column":4},"end":{"line":91,"column":5}},"type":"if","locations":[{"start":{"line":86,"column":4},"end":{"line":91,"column":5}}]},"7":{"loc":{"start":{"line":103,"column":4},"end":{"line":105,"column":5}},"type":"if","locations":[{"start":{"line":103,"column":4},"end":{"line":105,"column":5}}]},"8":{"loc":{"start":{"line":141,"column":4},"end":{"line":143,"column":5}},"type":"if","locations":[{"start":{"line":141,"column":4},"end":{"line":143,"column":5}}]}},"s":{"0":6,"1":6,"2":6,"3":6,"4":6,"5":6,"6":6,"7":6,"8":6,"9":0,"10":0,"11":0,"12":0,"13":0,"14":0,"15":0,"16":0,"17":0,"18":0,"19":0,"20":0,"21":0,"22":0,"23":0,"24":6,"25":0,"26":0,"27":0,"28":0,"29":0,"30":0,"31":0,"32":0,"33":0,"34":0,"35":0,"36":0,"37":0,"38":6,"39":0,"40":0,"41":0,"42":0,"43":0,"44":0,"45":0,"46":0,"47":0,"48":0,"49":6,"50":0,"51":0,"52":0,"53":0,"54":0,"55":0,"56":0,"57":0,"58":0,"59":0,"60":0,"61":0,"62":6,"63":0,"64":0,"65":0,"66":0,"67":0,"68":0,"69":0,"70":6},"f":{"0":0,"1":0,"2":0,"3":0,"4":0},"b":{"0":[0],"1":[0],"2":[0,0],"3":[0],"4":[0],"5":[0,0],"6":[0],"7":[0],"8":[0]}}
,"/Users/dokyungyang/Desktop/OOSE_Project2/project-team-02/server/routes/activityPosts.ts": {"path":"/Users/dokyungyang/Desktop/OOSE_Project2/project-team-02/server/routes/activityPosts.ts","statementMap":{"0":{"start":{"line":3,"column":15},"end":{"line":3,"column":42}},"1":{"start":{"line":4,"column":29},"end":{"line":4,"column":63}},"2":{"start":{"line":5,"column":24},"end":{"line":5,"column":50}},"3":{"start":{"line":7,"column":11},"end":{"line":7,"column":38}},"4":{"start":{"line":17,"column":0},"end":{"line":25,"column":3}},"5":{"start":{"line":18,"column":2},"end":{"line":24,"column":3}},"6":{"start":{"line":19,"column":293},"end":{"line":19,"column":301}},"7":{"start":{"line":20,"column":20},"end":{"line":20,"column":156}},"8":{"start":{"line":21,"column":4},"end":{"line":21,"column":38}},"9":{"start":{"line":23,"column":4},"end":{"line":23,"column":41}},"10":{"start":{"line":27,"column":0},"end":{"line":38,"column":3}},"11":{"start":{"line":28,"column":35},"end":{"line":28,"column":45}},"12":{"start":{"line":29,"column":4},"end":{"line":37,"column":5}},"13":{"start":{"line":30,"column":19},"end":{"line":30,"column":52}},"14":{"start":{"line":31,"column":6},"end":{"line":33,"column":7}},"15":{"start":{"line":32,"column":8},"end":{"line":32,"column":63}},"16":{"start":{"line":34,"column":6},"end":{"line":34,"column":37}},"17":{"start":{"line":36,"column":8},"end":{"line":36,"column":45}},"18":{"start":{"line":40,"column":0},"end":{"line":49,"column":3}},"19":{"start":{"line":41,"column":19},"end":{"line":41,"column":29}},"20":{"start":{"line":42,"column":2},"end":{"line":48,"column":3}},"21":{"start":{"line":43,"column":18},"end":{"line":43,"column":61}},"22":{"start":{"line":44,"column":4},"end":{"line":44,"column":36}},"23":{"start":{"line":46,"column":4},"end":{"line":46,"column":23}},"24":{"start":{"line":47,"column":4},"end":{"line":47,"column":41}},"25":{"start":{"line":51,"column":0},"end":{"line":59,"column":3}},"26":{"start":{"line":52,"column":35},"end":{"line":52,"column":45}},"27":{"start":{"line":53,"column":2},"end":{"line":58,"column":3}},"28":{"start":{"line":54,"column":17},"end":{"line":54,"column":57}},"29":{"start":{"line":55,"column":4},"end":{"line":55,"column":35}},"30":{"start":{"line":57,"column":4},"end":{"line":57,"column":41}},"31":{"start":{"line":61,"column":0},"end":{"line":120,"column":null}},"32":{"start":{"line":62,"column":34},"end":{"line":62,"column":44}},"33":{"start":{"line":63,"column":38},"end":{"line":63,"column":47}},"34":{"start":{"line":64,"column":2},"end":{"line":119,"column":3}},"35":{"start":{"line":65,"column":25},"end":{"line":65,"column":65}},"36":{"start":{"line":66,"column":4},"end":{"line":68,"column":5}},"37":{"start":{"line":67,"column":6},"end":{"line":67,"column":60}},"38":{"start":{"line":69,"column":27},"end":{"line":69,"column":29}},"39":{"start":{"line":70,"column":4},"end":{"line":81,"column":5}},"40":{"start":{"line":71,"column":6},"end":{"line":73,"column":null}},"41":{"start":{"line":72,"column":49},"end":{"line":72,"column":92}},"42":{"start":{"line":73,"column":43},"end":{"line":73,"column":56}},"43":{"start":{"line":76,"column":26},"end":{"line":76,"column":28}},"44":{"start":{"line":77,"column":27},"end":{"line":77,"column":29}},"45":{"start":{"line":78,"column":30},"end":{"line":78,"column":32}},"46":{"start":{"line":79,"column":6},"end":{"line":79,"column":75}},"47":{"start":{"line":80,"column":6},"end":{"line":80,"column":13}},"48":{"start":{"line":82,"column":30},"end":{"line":82,"column":86}},"49":{"start":{"line":82,"column":69},"end":{"line":82,"column":85}},"50":{"start":{"line":83,"column":24},"end":{"line":93,"column":13}},"51":{"start":{"line":94,"column":25},"end":{"line":104,"column":13}},"52":{"start":{"line":105,"column":28},"end":{"line":115,"column":13}},"53":{"start":{"line":116,"column":4},"end":{"line":116,"column":73}},"54":{"start":{"line":118,"column":4},"end":{"line":118,"column":41}},"55":{"start":{"line":122,"column":0},"end":{"line":134,"column":3}},"56":{"start":{"line":123,"column":24},"end":{"line":123,"column":37}},"57":{"start":{"line":124,"column":293},"end":{"line":124,"column":301}},"58":{"start":{"line":125,"column":4},"end":{"line":133,"column":5}},"59":{"start":{"line":126,"column":21},"end":{"line":126,"column":163}},"60":{"start":{"line":127,"column":8},"end":{"line":129,"column":9}},"61":{"start":{"line":128,"column":8},"end":{"line":128,"column":63}},"62":{"start":{"line":130,"column":8},"end":{"line":130,"column":39}},"63":{"start":{"line":132,"column":8},"end":{"line":132,"column":45}},"64":{"start":{"line":136,"column":0},"end":{"line":149,"column":3}},"65":{"start":{"line":137,"column":35},"end":{"line":137,"column":45}},"66":{"start":{"line":138,"column":103},"end":{"line":138,"column":111}},"67":{"start":{"line":139,"column":2},"end":{"line":148,"column":3}},"68":{"start":{"line":140,"column":17},"end":{"line":140,"column":86}},"69":{"start":{"line":141,"column":4},"end":{"line":144,"column":5}},"70":{"start":{"line":142,"column":6},"end":{"line":142,"column":68}},"71":{"start":{"line":143,"column":6},"end":{"line":143,"column":13}},"72":{"start":{"line":145,"column":4},"end":{"line":145,"column":35}},"73":{"start":{"line":147,"column":4},"end":{"line":147,"column":41}},"74":{"start":{"line":151,"column":0},"end":{"line":162,"column":3}},"75":{"start":{"line":152,"column":24},"end":{"line":152,"column":37}},"76":{"start":{"line":153,"column":4},"end":{"line":161,"column":5}},"77":{"start":{"line":154,"column":21},"end":{"line":154,"column":53}},"78":{"start":{"line":155,"column":8},"end":{"line":157,"column":9}},"79":{"start":{"line":156,"column":8},"end":{"line":156,"column":63}},"80":{"start":{"line":158,"column":8},"end":{"line":158,"column":67}},"81":{"start":{"line":160,"column":8},"end":{"line":160,"column":45}},"82":{"start":{"line":164,"column":0},"end":{"line":202,"column":3}},"83":{"start":{"line":165,"column":2},"end":{"line":201,"column":3}},"84":{"start":{"line":167,"column":4},"end":{"line":197,"column":5}},"85":{"start":{"line":168,"column":67},"end":{"line":168,"column":76}},"86":{"start":{"line":170,"column":27},"end":{"line":170,"column":29}},"87":{"start":{"line":171,"column":6},"end":{"line":171,"column":42}},"88":{"start":{"line":171,"column":18},"end":{"line":171,"column":42}},"89":{"start":{"line":172,"column":6},"end":{"line":172,"column":63}},"90":{"start":{"line":172,"column":25},"end":{"line":172,"column":63}},"91":{"start":{"line":173,"column":6},"end":{"line":173,"column":48}},"92":{"start":{"line":173,"column":20},"end":{"line":173,"column":48}},"93":{"start":{"line":174,"column":6},"end":{"line":174,"column":51}},"94":{"start":{"line":174,"column":21},"end":{"line":174,"column":51}},"95":{"start":{"line":175,"column":6},"end":{"line":180,"column":7}},"96":{"start":{"line":177,"column":25},"end":{"line":177,"column":40}},"97":{"start":{"line":179,"column":8},"end":{"line":179,"column":41}},"98":{"start":{"line":183,"column":20},"end":{"line":183,"column":59}},"99":{"start":{"line":186,"column":6},"end":{"line":186,"column":34}},"100":{"start":{"line":188,"column":6},"end":{"line":196,"column":7}},"101":{"start":{"line":189,"column":22},"end":{"line":189,"column":53}},"102":{"start":{"line":190,"column":8},"end":{"line":192,"column":9}},"103":{"start":{"line":191,"column":10},"end":{"line":191,"column":65}},"104":{"start":{"line":193,"column":8},"end":{"line":193,"column":40}},"105":{"start":{"line":195,"column":8},"end":{"line":195,"column":45}},"106":{"start":{"line":199,"column":4},"end":{"line":199,"column":23}},"107":{"start":{"line":200,"column":4},"end":{"line":200,"column":41}},"108":{"start":{"line":204,"column":0},"end":{"line":204,"column":24}}},"fnMap":{"0":{"name":"(anonymous_0)","decl":{"start":{"line":17,"column":17},"end":{"line":17,"column":22}},"loc":{"start":{"line":17,"column":46},"end":{"line":25,"column":1}}},"1":{"name":"(anonymous_1)","decl":{"start":{"line":27,"column":27},"end":{"line":27,"column":32}},"loc":{"start":{"line":27,"column":56},"end":{"line":38,"column":1}}},"2":{"name":"(anonymous_2)","decl":{"start":{"line":40,"column":39},"end":{"line":40,"column":44}},"loc":{"start":{"line":40,"column":69},"end":{"line":49,"column":1}}},"3":{"name":"(anonymous_3)","decl":{"start":{"line":51,"column":26},"end":{"line":51,"column":31}},"loc":{"start":{"line":51,"column":55},"end":{"line":59,"column":1}}},"4":{"name":"(anonymous_4)","decl":{"start":{"line":61,"column":33},"end":{"line":61,"column":38}},"loc":{"start":{"line":61,"column":62},"end":{"line":120,"column":1}}},"5":{"name":"(anonymous_5)","decl":{"start":{"line":72,"column":16},"end":{"line":72,"column":17}},"loc":{"start":{"line":72,"column":49},"end":{"line":72,"column":92}}},"6":{"name":"(anonymous_6)","decl":{"start":{"line":73,"column":13},"end":{"line":73,"column":14}},"loc":{"start":{"line":73,"column":43},"end":{"line":73,"column":56}}},"7":{"name":"(anonymous_7)","decl":{"start":{"line":82,"column":47},"end":{"line":82,"column":48}},"loc":{"start":{"line":82,"column":69},"end":{"line":82,"column":85}}},"8":{"name":"(anonymous_8)","decl":{"start":{"line":122,"column":19},"end":{"line":122,"column":24}},"loc":{"start":{"line":122,"column":48},"end":{"line":134,"column":1}}},"9":{"name":"(anonymous_9)","decl":{"start":{"line":136,"column":26},"end":{"line":136,"column":31}},"loc":{"start":{"line":136,"column":55},"end":{"line":149,"column":1}}},"10":{"name":"(anonymous_10)","decl":{"start":{"line":151,"column":22},"end":{"line":151,"column":27}},"loc":{"start":{"line":151,"column":51},"end":{"line":162,"column":1}}},"11":{"name":"(anonymous_11)","decl":{"start":{"line":164,"column":16},"end":{"line":164,"column":21}},"loc":{"start":{"line":164,"column":45},"end":{"line":202,"column":1}}}},"branchMap":{"0":{"loc":{"start":{"line":31,"column":6},"end":{"line":33,"column":7}},"type":"if","locations":[{"start":{"line":31,"column":6},"end":{"line":33,"column":7}}]},"1":{"loc":{"start":{"line":66,"column":4},"end":{"line":68,"column":5}},"type":"if","locations":[{"start":{"line":66,"column":4},"end":{"line":68,"column":5}}]},"2":{"loc":{"start":{"line":127,"column":8},"end":{"line":129,"column":9}},"type":"if","locations":[{"start":{"line":127,"column":8},"end":{"line":129,"column":9}}]},"3":{"loc":{"start":{"line":141,"column":4},"end":{"line":144,"column":5}},"type":"if","locations":[{"start":{"line":141,"column":4},"end":{"line":144,"column":5}}]},"4":{"loc":{"start":{"line":155,"column":8},"end":{"line":157,"column":9}},"type":"if","locations":[{"start":{"line":155,"column":8},"end":{"line":157,"column":9}}]},"5":{"loc":{"start":{"line":171,"column":6},"end":{"line":171,"column":42}},"type":"if","locations":[{"start":{"line":171,"column":6},"end":{"line":171,"column":42}}]},"6":{"loc":{"start":{"line":172,"column":6},"end":{"line":172,"column":63}},"type":"if","locations":[{"start":{"line":172,"column":6},"end":{"line":172,"column":63}}]},"7":{"loc":{"start":{"line":173,"column":6},"end":{"line":173,"column":48}},"type":"if","locations":[{"start":{"line":173,"column":6},"end":{"line":173,"column":48}}]},"8":{"loc":{"start":{"line":174,"column":6},"end":{"line":174,"column":51}},"type":"if","locations":[{"start":{"line":174,"column":6},"end":{"line":174,"column":51}}]},"9":{"loc":{"start":{"line":175,"column":6},"end":{"line":180,"column":7}},"type":"if","locations":[{"start":{"line":175,"column":6},"end":{"line":180,"column":7}}]},"10":{"loc":{"start":{"line":190,"column":8},"end":{"line":192,"column":9}},"type":"if","locations":[{"start":{"line":190,"column":8},"end":{"line":192,"column":9}}]}},"s":{"0":6,"1":6,"2":6,"3":6,"4":6,"5":39,"6":39,"7":39,"8":39,"9":0,"10":6,"11":2,"12":2,"13":2,"14":2,"15":0,"16":2,"17":0,"18":6,"19":0,"20":0,"21":0,"22":0,"23":0,"24":0,"25":6,"26":0,"27":0,"28":0,"29":0,"30":0,"31":6,"32":3,"33":3,"34":3,"35":3,"36":3,"37":1,"38":3,"39":3,"40":3,"41":1,"42":1,"43":1,"44":1,"45":1,"46":1,"47":0,"48":2,"49":1,"50":2,"51":2,"52":2,"53":2,"54":1,"55":6,"56":1,"57":1,"58":1,"59":1,"60":1,"61":0,"62":1,"63":0,"64":6,"65":3,"66":3,"67":3,"68":3,"69":3,"70":1,"71":1,"72":2,"73":0,"74":6,"75":7,"76":7,"77":7,"78":7,"79":0,"80":7,"81":0,"82":6,"83":10,"84":10,"85":10,"86":10,"87":10,"88":3,"89":10,"90":2,"91":10,"92":0,"93":10,"94":0,"95":10,"96":3,"97":3,"98":10,"99":10,"100":0,"101":0,"102":0,"103":0,"104":0,"105":0,"106":0,"107":0,"108":6},"f":{"0":39,"1":2,"2":0,"3":0,"4":3,"5":1,"6":1,"7":1,"8":1,"9":3,"10":7,"11":10},"b":{"0":[0],"1":[1],"2":[0],"3":[1],"4":[0],"5":[3],"6":[2],"7":[0],"8":[0],"9":[3],"10":[0]}}
,"/Users/dokyungyang/Desktop/OOSE_Project2/project-team-02/server/routes/allPosts.ts": {"path":"/Users/dokyungyang/Desktop/OOSE_Project2/project-team-02/server/routes/allPosts.ts","statementMap":{"0":{"start":{"line":4,"column":15},"end":{"line":4,"column":42}},"1":{"start":{"line":6,"column":29},"end":{"line":6,"column":63}},"2":{"start":{"line":7,"column":24},"end":{"line":7,"column":50}},"3":{"start":{"line":9,"column":27},"end":{"line":9,"column":59}},"4":{"start":{"line":10,"column":22},"end":{"line":10,"column":46}},"5":{"start":{"line":12,"column":24},"end":{"line":12,"column":53}},"6":{"start":{"line":13,"column":19},"end":{"line":13,"column":40}},"7":{"start":{"line":15,"column":0},"end":{"line":36,"column":3}},"8":{"start":{"line":16,"column":4},"end":{"line":35,"column":5}},"9":{"start":{"line":17,"column":28},"end":{"line":17,"column":59}},"10":{"start":{"line":18,"column":30},"end":{"line":18,"column":63}},"11":{"start":{"line":20,"column":25},"end":{"line":20,"column":59}},"12":{"start":{"line":23,"column":8},"end":{"line":27,"column":11}},"13":{"start":{"line":24,"column":31},"end":{"line":24,"column":61}},"14":{"start":{"line":25,"column":31},"end":{"line":25,"column":61}},"15":{"start":{"line":26,"column":12},"end":{"line":26,"column":43}},"16":{"start":{"line":29,"column":8},"end":{"line":31,"column":9}},"17":{"start":{"line":30,"column":12},"end":{"line":30,"column":67}},"18":{"start":{"line":32,"column":8},"end":{"line":32,"column":46}},"19":{"start":{"line":34,"column":8},"end":{"line":34,"column":52}},"20":{"start":{"line":38,"column":0},"end":{"line":57,"column":3}},"21":{"start":{"line":39,"column":21},"end":{"line":39,"column":31}},"22":{"start":{"line":40,"column":4},"end":{"line":56,"column":5}},"23":{"start":{"line":41,"column":28},"end":{"line":41,"column":69}},"24":{"start":{"line":42,"column":30},"end":{"line":42,"column":73}},"25":{"start":{"line":43,"column":25},"end":{"line":43,"column":59}},"26":{"start":{"line":44,"column":8},"end":{"line":48,"column":11}},"27":{"start":{"line":45,"column":31},"end":{"line":45,"column":61}},"28":{"start":{"line":46,"column":31},"end":{"line":46,"column":61}},"29":{"start":{"line":47,"column":12},"end":{"line":47,"column":43}},"30":{"start":{"line":49,"column":8},"end":{"line":51,"column":9}},"31":{"start":{"line":50,"column":12},"end":{"line":50,"column":44}},"32":{"start":{"line":52,"column":8},"end":{"line":52,"column":39}},"33":{"start":{"line":54,"column":8},"end":{"line":54,"column":27}},"34":{"start":{"line":55,"column":8},"end":{"line":55,"column":52}},"35":{"start":{"line":59,"column":0},"end":{"line":94,"column":3}},"36":{"start":{"line":60,"column":24},"end":{"line":60,"column":34}},"37":{"start":{"line":61,"column":24},"end":{"line":61,"column":57}},"38":{"start":{"line":62,"column":36},"end":{"line":62,"column":69}},"39":{"start":{"line":64,"column":21},"end":{"line":64,"column":49}},"40":{"start":{"line":65,"column":32},"end":{"line":65,"column":34}},"41":{"start":{"line":67,"column":4},"end":{"line":75,"column":5}},"42":{"start":{"line":68,"column":33},"end":{"line":68,"column":50}},"43":{"start":{"line":69,"column":8},"end":{"line":74,"column":9}},"44":{"start":{"line":70,"column":12},"end":{"line":73,"column":13}},"45":{"start":{"line":71,"column":16},"end":{"line":71,"column":46}},"46":{"start":{"line":72,"column":16},"end":{"line":72,"column":22}},"47":{"start":{"line":77,"column":31},"end":{"line":77,"column":33}},"48":{"start":{"line":78,"column":4},"end":{"line":82,"column":5}},"49":{"start":{"line":79,"column":28},"end":{"line":79,"column":69}},"50":{"start":{"line":80,"column":30},"end":{"line":80,"column":73}},"51":{"start":{"line":81,"column":8},"end":{"line":81,"column":59}},"52":{"start":{"line":83,"column":4},"end":{"line":87,"column":7}},"53":{"start":{"line":84,"column":27},"end":{"line":84,"column":57}},"54":{"start":{"line":85,"column":27},"end":{"line":85,"column":57}},"55":{"start":{"line":86,"column":8},"end":{"line":86,"column":39}},"56":{"start":{"line":89,"column":4},"end":{"line":91,"column":5}},"57":{"start":{"line":90,"column":8},"end":{"line":90,"column":40}},"58":{"start":{"line":92,"column":4},"end":{"line":92,"column":45}},"59":{"start":{"line":97,"column":0},"end":{"line":97,"column":24}}},"fnMap":{"0":{"name":"(anonymous_0)","decl":{"start":{"line":15,"column":16},"end":{"line":15,"column":21}},"loc":{"start":{"line":15,"column":46},"end":{"line":36,"column":1}}},"1":{"name":"(anonymous_1)","decl":{"start":{"line":23,"column":22},"end":{"line":23,"column":23}},"loc":{"start":{"line":23,"column":31},"end":{"line":27,"column":9}}},"2":{"name":"(anonymous_2)","decl":{"start":{"line":38,"column":39},"end":{"line":38,"column":44}},"loc":{"start":{"line":38,"column":69},"end":{"line":57,"column":1}}},"3":{"name":"(anonymous_3)","decl":{"start":{"line":44,"column":22},"end":{"line":44,"column":23}},"loc":{"start":{"line":44,"column":31},"end":{"line":48,"column":9}}},"4":{"name":"(anonymous_4)","decl":{"start":{"line":59,"column":39},"end":{"line":59,"column":44}},"loc":{"start":{"line":59,"column":69},"end":{"line":94,"column":1}}},"5":{"name":"(anon
[...]
,"/Users/dokyungyang/Desktop/OOSE_Project2/project-team-02/server/routes/profiles.ts": {"path":"/Users/dokyungyang/Desktop/OOSE_Project2/project-team-02/server/routes/profiles.ts","statementMap":{"0":{"start":{"line":2,"column":15},"end":{"line":2,"column":42}},"1":{"start":{"line":4,"column":19},"end":{"line":4,"column":48}},"2":{"start":{"line":6,"column":17},"end":{"line":6,"column":33}},"3":{"start":{"line":8,"column":11},"end":{"line":8,"column":38}},"4":{"start":{"line":10,"column":0},"end":{"line":18,"column":3}},"5":{"start":{"line":11,"column":2},"end":{"line":17,"column":3}},"6":{"start":{"line":12,"column":236},"end":{"line":12,"column":244}},"7":{"start":{"line":13,"column":17},"end":{"line":13,"column":123}},"8":{"start":{"line":14,"column":4},"end":{"line":14,"column":35}},"9":{"start":{"line":16,"column":4},"end":{"line":16,"column":41}},"10":{"start":{"line":20,"column":0},"end":{"line":28,"column":3}},"11":{"start":{"line":21,"column":32},"end":{"line":21,"column":41}},"12":{"start":{"line":22,"column":2},"end":{"line":27,"column":3}},"13":{"start":{"line":23,"column":17},"end":{"line":23,"column":81}},"14":{"start":{"line":24,"column":4},"end":{"line":24,"column":35}},"15":{"start":{"line":26,"column":4},"end":{"line":26,"column":41}},"16":{"start":{"line":30,"column":0},"end":{"line":38,"column":3}},"17":{"start":{"line":31,"column":35},"end":{"line":31,"column":45}},"18":{"start":{"line":32,"column":2},"end":{"line":37,"column":3}},"19":{"start":{"line":33,"column":17},"end":{"line":33,"column":45}},"20":{"start":{"line":34,"column":4},"end":{"line":34,"column":35}},"21":{"start":{"line":36,"column":4},"end":{"line":36,"column":41}},"22":{"start":{"line":41,"column":0},"end":{"line":49,"column":5}},"23":{"start":{"line":42,"column":41},"end":{"line":42,"column":51}},"24":{"start":{"line":43,"column":4},"end":{"line":48,"column":5}},"25":{"start":{"line":44,"column":19},"end":{"line":44,"column":52}},"26":{"start":{"line":45,"column":6},"end":{"line":45,"column":37}},"27":{"start":{"line":47,"column":6},"end":{"line":47,"column":43}},"28":{"start":{"line":51,"column":0},"end":{"line":59,"column":3}},"29":{"start":{"line":52,"column":35},"end":{"line":52,"column":45}},"30":{"start":{"line":53,"column":2},"end":{"line":58,"column":3}},"31":{"start":{"line":54,"column":17},"end":{"line":54,"column":50}},"32":{"start":{"line":55,"column":4},"end":{"line":55,"column":35}},"33":{"start":{"line":57,"column":4},"end":{"line":57,"column":41}},"34":{"start":{"line":61,"column":0},"end":{"line":69,"column":3}},"35":{"start":{"line":62,"column":33},"end":{"line":62,"column":43}},"36":{"start":{"line":63,"column":2},"end":{"line":68,"column":3}},"37":{"start":{"line":64,"column":17},"end":{"line":64,"column":54}},"38":{"start":{"line":65,"column":4},"end":{"line":65,"column":33}},"39":{"start":{"line":67,"column":4},"end":{"line":67,"column":41}},"40":{"start":{"line":71,"column":0},"end":{"line":81,"column":3}},"41":{"start":{"line":72,"column":33},"end":{"line":72,"column":43}},"42":{"start":{"line":73,"column":71},"end":{"line":73,"column":79}},"43":{"start":{"line":75,"column":2},"end":{"line":80,"column":3}},"44":{"start":{"line":76,"column":17},"end":{"line":76,"column":72}},"45":{"start":{"line":77,"column":4},"end":{"line":77,"column":33}},"46":{"start":{"line":79,"column":4},"end":{"line":79,"column":41}},"47":{"start":{"line":83,"column":0},"end":{"line":92,"column":3}},"48":{"start":{"line":84,"column":33},"end":{"line":84,"column":43}},"49":{"start":{"line":85,"column":71},"end":{"line":85,"column":79}},"50":{"start":{"line":86,"column":2},"end":{"line":91,"column":3}},"51":{"start":{"line":87,"column":17},"end":{"line":87,"column":71}},"52":{"start":{"line":88,"column":4},"end":{"line":88,"column":33}},"53":{"start":{"line":90,"column":4},"end":{"line":90,"column":41}},"54":{"start":{"line":95,"column":0},"end":{"line":108,"column":3}},"55":{"start":{"line":96,"column":35},"end":{"line":96,"column":45}},"56":{"start":{"line":97,"column":103},"end":{"line":97,"column":111}},"57":{"start":{"line":98,"column":2},"end":{"line":107,"column":3}},"58":{"start":{"line":99,"column":17},"end":{"line":99,"column":79}},"59":{"start":{"line":100,"column":4},"end":{"line":103,"column":5}},"60":{"start":{"line":101,"column":6},"end":{"line":101,"column":68}},"61":{"start":{"line":102,"column":6},"end":{"line":102,"column":13}},"62":{"start":{"line":104,"column":4},"end":{"line":104,"column":35}},"63":{"start":{"line":106,"column":4},"end":{"line":106,"column":41}},"64":{"start":{"line":110,"column":0},"end":{"line":124,"column":3}},"65":{"start":{"line":111,"column":35},"end":{"line":111,"column":45}},"66":{"start":{"line":112,"column":55},"end":{"line":112,"column":63}},"67":{"start":{"line":113,"column":2},"end":{"line":123,"column":3}},"68":{"start":{"line":114,"column":17},"end":{"line":114,"column":69}},"69":{"start":{"line":115,"column":4},"end":{"line":118,"column":5}},"70":{"start":{"line":116,"column":6},"end":{"line":116,"column":76}},"71":{"start":{"line":117,"column":6},"end":{"line":117,"column":13}},"72":{"start":{"line":120,"column":4},"end":{"line":120,"column":35}},"73":{"start":{"line":122,"column":4},"end":{"line":122,"column":46}},"74":{"start":{"line":127,"column":0},"end":{"line":141,"column":3}},"75":{"start":{"line":128,"column":37},"end":{"line":128,"column":47}},"76":{"start":{"line":129,"column":254},"end":{"line":129,"column":262}},"77":{"start":{"line":130,"column":4},"end":{"line":140,"column":5}},"78":{"start":{"line":132,"column":19},"end":{"line":132,"column":136}},"79":{"start":{"line":133,"column":6},"end":{"line":136,"column":7}},"80":{"start":{"line":134,"column":8},"end":{"line":134,"column":56}},"81":{"start":{"line":135,"column":8},"end":{"line":135,"column":15}},"82":{"start":{"line":137,"column":6},"end":{"line":137,"column":37}},"83":{"start":{"line":139,"column":6},"end":{"line":139,"column":43}},"84":{"start":{"line":143,"column":0},"end":{"line":202,"column":null}},"85":{"start":{"line":144,"column":34},"end":{"line":144,"column":44}},"86":{"start":{"line":145,"column":38},"end":{"line":145,"column":47}},"87":{"start":{"line":146,"column":2},"end":{"line":201,"column":3}},"88":{"start":{"line":147,"column":25},"end":{"line":147,"column":58}},"89":{"start":{"line":148,"column":4},"end":{"line":150,"column":5}},"90":{"start":{"line":149,"column":6},"end":{"line":149,"column":60}},"91":{"start":{"line":151,"column":27},"end":{"line":151,"column":29}},"92":{"start":{"line":152,"column":4},"end":{"line":163,"column":5}},"93":{"start":{"line":153,"column":6},"end":{"line":155,"column":null}},"94":{"start":{"line":154,"column":49},"end":{"line":154,"column":92}},"95":{"start":{"line":155,"column":43},"end":{"line":155,"column":56}},"96":{"start":{"line":158,"column":26},"end":{"line":158,"column":28}},"97":{"start":{"line":159,"column":27},"end":{"line":159,"column":29}},"98":{"start":{"line":160,"column":30},"end":{"line":160,"column":32}},"99":{"start":{"line":161,"column":6},"end":{"line":161,"column":75}},"100":{"start":{"line":162,"column":6},"end":{"line":162,"column":13}},"101":{"start":{"line":164,"column":30},"end":{"line":164,"column":86}},"102":{"start":{"line":164,"column":69},"end":{"line":164,"column":85}},"103":{"start":{"line":165,"column":24},"end":{"line":175,"column":13}},"104":{"start":{"line":176,"column":25},"end":{"line":186,"column":13}},"105":{"start":{"line":187,"column":28},"end":{"line":197,"column":13}},"106":{"start":{"line":198,"column":4},"end":{"line":198,"column":73}},"107":{"start":{"line":200,"column":4},"end":{"line":200,"column":41}},"108":{"start":{"line":204,"column":0},"end":{"line":212,"column":null}},"109":{"start":{"line":205,"column":34},"end":{"line":205,"column":44}},"110":{"start":{"line":206,"column":4},"end":{"line":211,"column":5}},"111":{"start":{"line":207,"column":21},"end":{"line":207,"column":47}},"112":{"start":{"line":208,"column":8},"end":{"line":208,"column":null}},"113":{"start":{"line":210,"column":8},"end":{"line":210,"column":45}},"114":{"start":{"line":214,"column":0},"end":{"line":214,"column":24}}},"fnMap":{"0":{"name":"(anonymous_0)","decl":{"start":{"line":10,"column":17},"end":{"line":10,"column":22}},"loc":{"start":{"line":10,"column":46},"end":{"line":18,"column":1}}},"1":{"name":"(anonymous_1)","decl":{"start":{"line":20,"column":16},"end":{"line":20,"column":21}},"loc":{"start":{"line":20,"column":45},"end":{"line":28,"column":1}}},"2":{"name":"(anonymous_2)","decl":{"start":{"line":30,"column":20},"end":{"line":30,"column":25}},"loc":{"start":{"line":30,"column":49},"end":{"line":38,"column":1}}},"3":{"name":"(anonymous_3)","decl":{"start":{"line":41,"column":33},"end":{"line":41,"column":38}},"loc":{"start":{"line":41,"column":62},"end":{"line":49,"column":3}}},"4":{"name":"(anonymous_4)","decl":{"start":{"line":51,"column":26},"end":{"line":51,"column":31}},"loc":{"start":{"line":51,"column":55},"end":{"line":59,"column":1}}},"5":{"name":"(anonymous_5)","decl":{"start":{"line":61,"column":33},"end":{"line":61,"column":38}},"loc":{"start":{"line":61,"column":61},"end":{"line":69,"column":1}}},"6":{"name":"(anonymous_6)","decl":{"start":{"line":71,"column":32},"end":{"line":71,"column":37}},"loc":{"start":{"line":71,"column":60},"end":{"line":81,"column":1}}},"7":{"name":"(anonymous_7)","decl":{"start":{"line":83,"column":35},"end":{"line":83,"column":40}},"loc":{"start":{"line":83,"column":63},"end":{"line":92,"column":1}}},"8":{"name":"(anonymous_8)","decl":{"start":{"line":95,"column":26},"end":{"line":95,"column":31}},"loc":{"start":{"line":95,"column":55},"end":{"line":108,"column":1}}},"9":{"name":"(anonymous_9)","decl":{"start":{"line":110,"column":33},"end":{"line":110,"column":38}},"loc":{"start":{"line":110,"column":62},"end":{"line":124,"column":1}}},"10":{"name":"(anonymous_10)","decl":{"start":{"line":127,"column":20},"end":{"line":127,"column":25}},"loc":{"start":{"line":127,"column":49},"end":{"line":141,"column":1}}},"11":{"name":"(anonymous_11)","decl":{"start":{"line":143,"column":33},"end":{"line":143,"column":38}},"loc":{"start":{"line":143,"column":62},"end":{"line":202,"column":1}}},"12":{"name":"(anonymous_12)","decl":{"start":{"line":154,"column":16},"end":{"line":154,"column":17}},"loc":{"start":{"line":154,"column":49},"end":{"line":154,"column":92}}},"13":{"name":"(anonymous_13)","decl":{"start":{"line":155,"column":13},"end":{"line":155,"column":14}},"loc":{"start":{"line":155,"column":43},"end":{"line":155,"column":56}}},"14":{"name":"(anonymous_14)","decl":{"start":{"line":164,"column":47},"end":{"line":164,"column":48}},"loc":{"start":{"line":164,"column":69},"end":{"line":164,"column":85}}},"15":{"name":"(anonymous_15)","decl":{"start":{"line":204,"column":23},"end":{"line":204,"column":28}},"loc":{"start":{"line":204,"column":52},"end":{"line":212,"column":1}}}},"branchMap":{"0":{"loc":{"start":{"line":100,"column":4},"end":{"line":103,"column":5}},"type":"if","locations":[{"start":{"line":100,"column":4},"end":{"line":103,"column":5}}]},"1":{"loc":{"start":{"line":115,"column":4},"end":{"line":118,"column":5}},"type":"if","locations":[{"start":{"line":115,"column":4},"end":{"line":118,"column":5}}]},"2":{"loc":{"start":{"line":133,"column":6},"end":{"line":136,"column":7}},"type":"if","locations":[{"start":{"line":133,"column":6},"end":{"line":136,"column":7}}]},"3":{"loc":{"start":{"line":148,"column":4},"end":{"line":150,"column":5}},"type":"if","locations":[{"start":{"line":148,"column":4},"end":{"line":150,"column":5}}]}},"s":{"0":6,"1":6,"2":6,"3":6,"4":6,"5":23,"6":23,"7":23,"8":23,"9":0,"10":6,"11":2,"12":2,"13":2,"14":2,"15":0,"16":6,"17":3,"18":3,"19":3,"20":3,"21":0,"22":6,"23":1,"24":1,"25":1,"26":1,"27":0,"28":6,"29":0,"30":0,"31":0,"32":0,"33":0,"34":6,"35":1,"36":1,"37":1,"38":1,"39":0,"40":6,"41":5,"42":5,"43":5,"44":5,"45":5,"46":0,"47":6,"48":1,"49":1,"50":1,"51":1,"52":1,"53":0,"54":6,"55":3,"56":3,"57":3,"58":3,"59":3,"60":0,"61":0,"62":3,"63":0,"64":6,"65":0,"66":0,"67":0,"68":0,"69":0,"70":0,"71":0,"72":0,"73":0,"74":6,"75":0,"76":0,"77":0,"78":0,"79":0,"80":0,"81":0,"82":0,"83":0,"84":6,"85":6,"86":6,"87":6,"88":6,"89":6,"90":0,"91":6,"92":6,"93":6,"94":3,"95":3,"96":0,"97":0,"98":0,"99":0,"100":0,"101":6,"102":3,"103":6,"104":6,"105":6,"106":6,"107":0,"108":6,"109":13,"110":13,"111":13,"112":13,"113":0,"114":6},"f":{"0":23,"1":2,"2":3,"3":1,"4":0,"5":1,"6":5,"7":1,"8":3,"9":0,"10":0,"11":6,"12":3,"13":3,"14":3,"15":13},"b":{"0":[0],"1":[0],"2":[0],"3":[0]}}
,"/Users/dokyungyang/Desktop/OOSE_Project2/project-team-02/server/routes/reports.ts": {"path":"/Users/dokyungyang/Desktop/OOSE_Project2/project-team-02/server/routes/reports.ts","statementMap":{"0":{"start":{"line":3,"column":15},"end":{"line":3,"column":42}},"1":{"start":{"line":4,"column":23},"end":{"line":4,"column":51}},"2":{"start":{"line":5,"column":18},"end":{"line":5,"column":38}},"3":{"start":{"line":7,"column":0},"end":{"line":15,"column":3}},"4":{"start":{"line":8,"column":2},"end":{"line":14,"column":3}},"5":{"start":{"line":9,"column":285},"end":{"line":9,"column":293}},"6":{"start":{"line":10,"column":22},"end":{"line":10,"column":151}},"7":{"start":{"line":11,"column":4},"end":{"line":11,"column":40}},"8":{"start":{"line":13,"column":4},"end":{"line":13,"column":41}},"9":{"start":{"line":17,"column":0},"end":{"line":25,"column":3}},"10":{"start":{"line":18,"column":4},"end":{"line":24,"column":5}},"11":{"start":{"line":19,"column":24},"end":{"line":19,"column":49}},"12":{"start":{"line":20,"column":8},"end":{"line":20,"column":42}},"13":{"start":{"line":22,"column":8},"end":{"line":22,"column":27}},"14":{"start":{"line":23,"column":8},"end":{"line":23,"column":45}},"15":{"start":{"line":27,"column":0},"end":{"line":38,"column":3}},"16":{"start":{"line":28,"column":35},"end":{"line":28,"column":45}},"17":{"start":{"line":29,"column":4},"end":{"line":37,"column":5}},"18":{"start":{"line":30,"column":21},"end":{"line":30,"column":48}},"19":{"start":{"line":31,"column":6},"end":{"line":33,"column":7}},"20":{"start":{"line":32,"column":8},"end":{"line":32,"column":65}},"21":{"start":{"line":34,"column":6},"end":{"line":34,"column":39}},"22":{"start":{"line":36,"column":8},"end":{"line":36,"column":45}},"23":{"start":{"line":40,"column":0},"end":{"line":49,"column":3}},"24":{"start":{"line":41,"column":25},"end":{"line":41,"column":35}},"25":{"start":{"line":42,"column":4},"end":{"line":48,"column":5}},"26":{"start":{"line":43,"column":24},"end":{"line":43,"column":69}},"27":{"start":{"line":44,"column":8},"end":{"line":44,"column":42}},"28":{"start":{"line":46,"column":8},"end":{"line":46,"column":27}},"29":{"start":{"line":47,"column":8},"end":{"line":47,"column":45}},"30":{"start":{"line":51,"column":0},"end":{"line":60,"column":3}},"31":{"start":{"line":52,"column":25},"end":{"line":52,"column":35}},"32":{"start":{"line":53,"column":4},"end":{"line":59,"column":5}},"33":{"start":{"line":54,"column":24},"end":{"line":54,"column":69}},"34":{"start":{"line":55,"column":8},"end":{"line":55,"column":42}},"35":{"start":{"line":57,"column":8},"end":{"line":57,"column":27}},"36":{"start":{"line":58,"column":8},"end":{"line":58,"column":45}},"37":{"start":{"line":62,"column":0},"end":{"line":73,"column":3}},"38":{"start":{"line":63,"column":24},"end":{"line":63,"column":37}},"39":{"start":{"line":64,"column":4},"end":{"line":72,"column":5}},"40":{"start":{"line":65,"column":23},"end":{"line":65,"column":59}},"41":{"start":{"line":66,"column":8},"end":{"line":68,"column":9}},"42":{"start":{"line":67,"column":8},"end":{"line":67,"column":65}},"43":{"start":{"line":69,"column":8},"end":{"line":69,"column":41}},"44":{"start":{"line":71,"column":8},"end":{"line":71,"column":45}},"45":{"start":{"line":75,"column":0},"end":{"line":87,"column":3}},"46":{"start":{"line":76,"column":24},"end":{"line":76,"column":37}},"47":{"start":{"line":77,"column":285},"end":{"line":77,"column":293}},"48":{"start":{"line":78,"column":4},"end":{"line":86,"column":5}},"49":{"start":{"line":79,"column":23},"end":{"line":79,"column":158}},"50":{"start":{"line":80,"column":8},"end":{"line":82,"column":9}},"51":{"start":{"line":81,"column":8},"end":{"line":81,"column":65}},"52":{"start":{"line":83,"column":8},"end":{"line":83,"column":41}},"53":{"start":{"line":85,"column":8},"end":{"line":85,"column":45}},"54":{"start":{"line":89,"column":0},"end":{"line":100,"column":3}},"55":{"start":{"line":90,"column":24},"end":{"line":90,"column":37}},"56":{"start":{"line":91,"column":4},"end":{"line":99,"column":5}},"57":{"start":{"line":92,"column":23},"end":{"line":92,"column":49}},"58":{"start":{"line":93,"column":8},"end":{"line":95,"column":9}},"59":{"start":{"line":94,"column":8},"end":{"line":94,"column":65}},"60":{"start":{"line":96,"column":8},"end":{"line":96,"column":69}},"61":{"start":{"line":98,"column":8},"end":{"line":98,"column":45}},"62":{"start":{"line":102,"column":0},"end":{"line":102,"column":24}}},"fnMap":{"0":{"name":"(anonymous_0)","decl":{"start":{"line":7,"column":17},"end":{"line":7,"column":22}},"loc":{"start":{"line":7,"column":46},"end":{"line":15,"column":1}}},"1":{"name":"(anonymous_1)","decl":{"start":{"line":17,"column":23},"end":{"line":17,"column":28}},"loc":{"start":{"line":17,"column":52},"end":{"line":25,"column":1}}},"2":{"name":"(anonymous_2)","decl":{"start":{"line":27,"column":27},"end":{"line":27,"column":32}},"loc":{"start":{"line":27,"column":56},"end":{"line":38,"column":1}}},"3":{"name":"(anonymous_3)","decl":{"start":{"line":40,"column":47},"end":{"line":40,"column":52}},"loc":{"start":{"line":40,"column":77},"end":{"line":49,"column":1}}},"4":{"name":"(anonymous_4)","decl":{"start":{"line":51,"column":47},"end":{"line":51,"column":52}},"loc":{"start":{"line":51,"column":77},"end":{"line":60,"column":1}}},"5":{"name":"(anonymous_5)","decl":{"start":{"line":62,"column":27},"end":{"line":62,"column":32}},"loc":{"start":{"line":62,"column":56},"end":{"line":73,"column":1}}},"6":{"name":"(anonymous_6)","decl":{"start":{"line":75,"column":19},"end":{"line":75,"column":24}},"loc":{"start":{"line":75,"column":48},"end":{"line":87,"column":1}}},"7":{"name":"(anonymous_7)","decl":{"start":{"line":89,"column":22},"end":{"line":89,"column":27}},"loc":{"start":{"line":89,"column":51},"end":{"line":100,"column":1}}}},"branchMap":{"0":{"loc":{"start":{"line":31,"column":6},"end":{"line":33,"column":7}},"type":"if","locations":[{"start":{"line":31,"column":6},"end":{"line":33,"column":7}}]},"1":{"loc":{"start":{"line":66,"column":8},"end":{"line":68,"column":9}},"type":"if","locations":[{"start":{"line":66,"column":8},"end":{"line":68,"column":9}}]},"2":{"loc":{"start":{"line":80,"column":8},"end":{"line":82,"column":9}},"type":"if","locations":[{"start":{"line":80,"column":8},"end":{"line":82,"column":9}}]},"3":{"loc":{"start":{"line":93,"column":8},"end":{"line":95,"column":9}},"type":"if","locations":[{"start":{"line":93,"column":8},"end":{"line":95,"column":9}}]}},"s":{"0":6,"1":6,"2":6,"3":6,"4":0,"5":0,"6":0,"7":0,"8":0,"9":6,"10":0,"11":0,"12":0,"13":0,"14":0,"15":6,"16":0,"17":0,"18":0,"19":0,"20":0,"21":0,"22":0,"23":6,"24":0,"25":0,"26":0,"27":0,"28":0,"29":0,"30":6,"31":0,"32":0,"33":0,"34":0,"35":0,"36":0,"37":6,"38":0,"39":0,"40":0,"41":0,"42":0,"43":0,"44":0,"45":6,"46":0,"47":0,"48":0,"49":0,"50":0,"51":0,"52":0,"53":0,"54":6,"55":0,"56":0,"57":0,"58":0,"59":0,"60":0,"61":0,"62":6},"f":{"0":0,"1":0,"2":0,"3":0,"4":0,"5":0,"6":0,"7":0},"b":{"0":[0],"1":[0],"2":[0],"3":[0]}}
}
