TN:
SF:app.ts
FN:16,(anonymous_0)
FN:23,(anonymous_1)
FN:24,(anonymous_2)
FN:33,(anonymous_3)
FN:37,(anonymous_4)
FN:41,(anonymous_5)
FNF:6
FNH:5
FNDA:6,(anonymous_0)
FNDA:6,(anonymous_1)
FNDA:0,(anonymous_2)
FNDA:6,(anonymous_3)
FNDA:6,(anonymous_4)
FNDA:6,(anonymous_5)
DA:3,6
DA:5,6
DA:6,6
DA:7,6
DA:8,6
DA:9,6
DA:17,6
DA:18,6
DA:20,6
DA:24,6
DA:25,0
DA:27,6
DA:28,6
DA:29,6
DA:30,6
DA:34,6
DA:38,6
DA:42,6
DA:46,6
LF:19
LH:18
BRDA:33,0,0,0
BRF:1
BRH:0
end_of_record
TN:
SF:data/ActivityPostDao.ts
FN:15,(anonymous_0)
FN:37,(anonymous_1)
FN:42,(anonymous_2)
FN:47,(anonymous_3)
FN:56,(anonymous_4)
FN:66,(anonymous_5)
FN:71,(anonymous_6)
FN:115,(anonymous_7)
FN:138,(anonymous_8)
FN:145,(anonymous_9)
FN:152,(anonymous_10)
FNF:11
FNH:8
FNDA:50,(anonymous_0)
FNDA:9,(anonymous_1)
FNDA:0,(anonymous_2)
FNDA:5,(anonymous_3)
FNDA:0,(anonymous_4)
FNDA:4,(anonymous_5)
FNDA:10,(anonymous_6)
FNDA:4,(anonymous_7)
FNDA:5,(anonymous_8)
FNDA:9,(anonymous_9)
FNDA:0,(anonymous_10)
DA:1,7
DA:2,7
DA:3,7
DA:4,7
DA:14,7
DA:16,50
DA:17,50
DA:18,50
DA:19,46
DA:21,50
DA:22,40
DA:24,50
DA:25,46
DA:27,50
DA:28,41
DA:30,50
DA:31,0
DA:34,50
DA:35,50
DA:38,9
DA:39,9
DA:43,0
DA:44,0
DA:48,5
DA:49,5
DA:50,5
DA:52,0
DA:57,0
DA:63,0
DA:67,4
DA:68,4
DA:78,10
DA:81,10
DA:82,8
DA:83,8
DA:84,8
DA:86,3
DA:87,3
DA:89,2
DA:90,2
DA:91,2
DA:93,0
DA:94,0
DA:95,0
DA:96,0
DA:98,3
DA:99,3
DA:101,0
DA:102,0
DA:110,10
DA:112,10
DA:116,4
DA:117,4
DA:118,4
DA:119,3
DA:121,4
DA:122,2
DA:124,4
DA:125,2
DA:127,4
DA:128,2
DA:130,4
DA:131,1
DA:134,4
DA:135,4
DA:139,5
DA:142,5
DA:146,9
DA:147,9
DA:148,2
DA:150,7
DA:153,0
DA:156,7
LF:73
LH:60
BRDA:17,0,0,50
BRDA:18,1,0,46
BRDA:21,2,0,40
BRDA:24,3,0,46
BRDA:27,4,0,41
BRDA:30,5,0,0
BRDA:82,6,0,8
BRDA:83,7,0,8
BRDA:84,8,0,3
BRDA:84,8,1,2
BRDA:84,8,2,0
BRDA:84,8,3,3
BRDA:84,8,4,0
BRDA:94,9,0,0
BRDA:94,9,1,0
BRDA:117,10,0,4
BRDA:118,11,0,3
BRDA:121,12,0,2
BRDA:124,13,0,2
BRDA:127,14,0,2
BRDA:130,15,0,1
BRDA:147,16,0,2
BRF:22
BRH:17
end_of_record
TN:
SF:data/CourseDao.ts
FN:5,(anonymous_0)
FN:13,(anonymous_1)
FN:17,(anonymous_2)
FN:35,(anonymous_3)
FN:39,(anonymous_4)
FN:43,(anonymous_5)
FNF:6
FNH:6
FNDA:24,(anonymous_0)
FNDA:4,(anonymous_1)
FNDA:4,(anonymous_2)
FNDA:1,(anonymous_3)
FNDA:2,(anonymous_4)
FNDA:8,(anonymous_5)
DA:1,7
DA:2,7
DA:4,7
DA:6,24
DA:7,24
DA:8,24
DA:10,0
DA:14,4
DA:15,4
DA:18,4
DA:19,4
DA:20,3
DA:22,4
DA:23,1
DA:25,4
DA:26,0
DA:28,4
DA:29,4
DA:30,4
DA:32,0
DA:36,1
DA:37,1
DA:40,2
DA:41,2
DA:44,8
DA:47,7
LF:26
LH:23
BRDA:19,0,0,3
BRDA:22,1,0,1
BRDA:25,2,0,0
BRF:3
BRH:2
end_of_record
TN:
SF:data/CoursePostDao.ts
FN:14,(anonymous_0)
FN:49,(anonymous_1)
FN:54,(anonymous_2)
FN:59,(anonymous_3)
FN:80,(anonymous_4)
FN:90,(anonymous_5)
FN:95,(anonymous_6)
FN:130,(anonymous_7)
FN:137,(anonymous_8)
FN:142,(anonymous_9)
FNF:10
FNH:8
FNDA:72,(anonymous_0)
FNDA:13,(anonymous_1)
FNDA:0,(anonymous_2)
FNDA:19,(anonymous_3)
FNDA:0,(anonymous_4)
FNDA:4,(anonymous_5)
FNDA:4,(anonymous_6)
FNDA:5,(anonymous_7)
FNDA:9,(anonymous_8)
FNDA:5,(anonymous_9)
DA:1,7
DA:2,7
DA:13,7
DA:15,72
DA:16,72
DA:17,70
DA:18,41
DA:20,70
DA:21,63
DA:23,70
DA:24,65
DA:26,70
DA:27,33
DA:29,70
DA:30,3
DA:32,70
DA:33,3
DA:35,70
DA:36,33
DA:38,70
DA:39,2
DA:41,70
DA:42,0
DA:46,72
DA:47,72
DA:50,13
DA:51,13
DA:55,0
DA:56,0
DA:60,19
DA:61,19
DA:62,6
DA:64,19
DA:65,5
DA:67,19
DA:68,3
DA:69,3
DA:70,3
DA:72,19
DA:73,19
DA:74,19
DA:76,0
DA:81,0
DA:87,0
DA:91,4
DA:92,4
DA:96,4
DA:97,4
DA:98,4
DA:99,4
DA:101,4
DA:102,3
DA:104,4
DA:105,4
DA:107,4
DA:108,1
DA:110,4
DA:111,1
DA:113,4
DA:114,1
DA:116,4
DA:117,1
DA:119,4
DA:120,0
DA:122,4
DA:123,0
DA:126,4
DA:127,4
DA:131,5
DA:134,5
DA:138,9
DA:139,9
DA:143,5
DA:146,7
LF:74
LH:66
BRDA:16,0,0,70
BRDA:17,1,0,41
BRDA:20,2,0,63
BRDA:23,3,0,65
BRDA:26,4,0,33
BRDA:29,5,0,3
BRDA:32,6,0,3
BRDA:35,7,0,33
BRDA:38,8,0,2
BRDA:41,9,0,0
BRDA:61,10,0,6
BRDA:64,11,0,5
BRDA:67,12,0,3
BRDA:69,13,0,2
BRDA:69,13,1,1
BRDA:97,14,0,4
BRDA:98,15,0,4
BRDA:101,16,0,3
BRDA:104,17,0,4
BRDA:107,18,0,1
BRDA:110,19,0,1
BRDA:113,20,0,1
BRDA:116,21,0,1
BRDA:119,22,0,0
BRDA:122,23,0,0
BRF:25
BRH:22
end_of_record
TN:
SF:data/PostReviewDao.ts
FN:6,(anonymous_0)
FN:15,(anonymous_1)
FN:24,(anonymous_2)
FN:29,(anonymous_3)
FN:38,(anonymous_4)
FN:43,(anonymous_5)
FNF:6
FNH:4
FNDA:9,(anonymous_0)
FNDA:1,(anonymous_1)
FNDA:5,(anonymous_2)
FNDA:0,(anonymous_3)
FNDA:2,(anonymous_4)
FNDA:0,(anonymous_5)
DA:1,7
DA:2,7
DA:4,7
DA:7,9
DA:8,9
DA:9,2
DA:11,9
DA:12,4
DA:16,1
DA:17,1
DA:18,1
DA:20,0
DA:25,5
DA:26,5
DA:30,0
DA:31,0
DA:32,0
DA:34,0
DA:39,2
DA:40,2
DA:44,0
DA:47,7
LF:22
LH:16
BRDA:8,0,0,2
BRF:1
BRH:1
end_of_record
TN:
SF:data/ProfileDao.ts
FN:5,(anonymous_0)
FN:19,(anonymous_1)
FN:24,(anonymous_2)
FN:34,(anonymous_3)
FN:39,(anonymous_4)
FN:44,(anonymous_5)
FN:49,(anonymous_6)
FN:83,(anonymous_7)
FN:104,(anonymous_8)
FN:118,(anonymous_9)
FN:126,(anonymous_10)
FN:133,(anonymous_11)
FN:147,(anonymous_12)
FN:152,(anonymous_13)
FNF:14
FNH:12
FNDA:59,(anonymous_0)
FNDA:9,(anonymous_1)
FNDA:0,(anonymous_2)
FNDA:7,(anonymous_3)
FNDA:2,(anonymous_4)
FNDA:3,(anonymous_5)
FNDA:7,(anonymous_6)
FNDA:3,(anonymous_7)
FNDA:13,(anonymous_8)
FNDA:0,(anonymous_9)
FNDA:5,(anonymous_10)
FNDA:2,(anonymous_11)
FNDA:15,(anonymous_12)
FNDA:4,(anonymous_13)
DA:1,7
DA:4,7
DA:6,59
DA:7,59
DA:8,53
DA:9,48
DA:11,53
DA:12,46
DA:15,59
DA:16,59
DA:20,9
DA:21,9
DA:25,0
DA:31,0
DA:35,7
DA:36,7
DA:40,2
DA:41,2
DA:45,3
DA:46,3
DA:50,7
DA:51,3
DA:52,3
DA:54,4
DA:56,4
DA:57,4
DA:58,4
DA:59,1
DA:60,1
DA:61,0
DA:63,1
DA:64,1
DA:66,3
DA:67,3
DA:68,0
DA:69,0
DA:71,3
DA:72,3
DA:74,0
DA:75,0
DA:76,0
DA:79,0
DA:80,0
DA:84,3
DA:85,3
DA:86,3
DA:87,3
DA:89,3
DA:90,2
DA:92,3
DA:93,0
DA:95,3
DA:96,0
DA:99,3
DA:100,3
DA:105,13
DA:106,1
DA:109,1
DA:111,12
DA:114,12
DA:119,0
DA:123,0
DA:127,5
DA:130,5
DA:134,2
DA:135,0
DA:138,0
DA:140,2
DA:143,2
DA:148,15
DA:149,15
DA:153,4
DA:157,7
LF:73
LH:57
BRDA:7,0,0,53
BRDA:8,1,0,48
BRDA:11,2,0,46
BRDA:50,3,0,3
BRDA:50,4,0,7
BRDA:50,4,1,3
BRDA:50,4,2,3
BRDA:56,5,0,4
BRDA:56,5,1,0
BRDA:58,6,0,1
BRDA:58,6,1,3
BRDA:60,7,0,0
BRDA:67,8,0,0
BRDA:74,9,0,0
BRDA:85,10,0,3
BRDA:86,11,0,3
BRDA:89,12,0,2
BRDA:92,13,0,0
BRDA:95,14,0,0
BRDA:105,15,0,1
BRDA:105,15,1,12
BRDA:134,16,0,0
BRDA:134,16,1,2
BRF:23
BRH:16
end_of_record
TN:
SF:data/ReportDao.ts
FN:16,(anonymous_0)
FN:22,(anonymous_1)
FN:27,(anonymous_2)
FN:32,(anonymous_3)
FN:37,(anonymous_4)
FN:42,(anonymous_5)
FN:48,(anonymous_6)
FN:54,(anonymous_7)
FN:58,(anonymous_8)
FNF:9
FNH:9
FNDA:11,(anonymous_0)
FNDA:2,(anonymous_1)
FNDA:1,(anonymous_2)
FNDA:1,(anonymous_3)
FNDA:1,(anonymous_4)
FNDA:1,(anonymous_5)
FNDA:1,(anonymous_6)
FNDA:1,(anonymous_7)
FNDA:1,(anonymous_8)
DA:3,7
DA:4,7
DA:14,7
DA:17,11
DA:18,11
DA:19,11
DA:23,2
DA:24,2
DA:28,1
DA:29,1
DA:33,1
DA:34,1
DA:38,1
DA:39,1
DA:43,1
DA:44,1
DA:45,1
DA:49,1
DA:50,1
DA:51,1
DA:55,1
DA:59,1
DA:63,7
LF:23
LH:23
BRF:0
BRH:0
end_of_record
TN:
SF:data/db.ts
FN:6,connect
FN:19,disconnect
FNF:2
FNH:2
FNDA:6,connect
FNDA:6,disconnect
DA:1,6
DA:2,6
DA:3,6
DA:4,6
DA:7,6
DA:8,6
DA:9,6
DA:11,0
DA:13,6
DA:15,0
DA:20,6
DA:21,6
DA:22,6
DA:24,0
DA:28,6
LF:15
LH:12
BRDA:8,0,0,6
BRDA:8,0,1,0
BRF:2
BRH:1
end_of_record
TN:
SF:model/ActivityPost.ts
FNF:0
FNH:0
DA:3,7
DA:4,7
DA:5,7
DA:6,7
DA:8,7
DA:51,7
DA:53,7
LF:7
LH:7
BRF:0
BRH:0
end_of_record
TN:
SF:model/Course.ts
FNF:0
FNH:0
DA:3,7
DA:5,7
DA:21,7
DA:23,7
LF:4
LH:4
BRF:0
BRH:0
end_of_record
TN:
SF:model/CoursePost.ts
FNF:0
FNH:0
DA:3,7
DA:4,7
DA:5,7
DA:7,7
DA:8,7
DA:10,7
DA:82,7
DA:84,7
LF:8
LH:8
BRF:0
BRH:0
end_of_record
TN:
SF:model/PostReview.ts
FNF:0
FNH:0
DA:3,9
DA:5,9
DA:33,9
DA:35,9
LF:4
LH:4
BRF:0
BRH:0
end_of_record
TN:
SF:model/Profile.ts
FNF:0
FNH:0
DA:3,7
DA:4,7
DA:6,7
DA:67,7
DA:69,7
LF:5
LH:5
BRF:0
BRH:0
end_of_record
TN:
SF:model/Report.ts
FNF:0
FNH:0
DA:3,7
DA:5,7
DA:39,7
DA:41,7
LF:4
LH:4
BRF:0
BRH:0
end_of_record
TN:
SF:model/Views.ts
FNF:0
FNH:0
DA:1,9
DA:2,9
DA:4,9
DA:19,9
LF:4
LH:4
BRF:0
BRH:0
end_of_record
TN:
SF:routes/activityPostPics.ts
FN:36,(anonymous_0)
FN:72,(anonymous_1)
FN:99,(anonymous_2)
FN:135,(anonymous_3)
FN:164,(anonymous_4)
FNF:5
FNH:0
FNDA:0,(anonymous_0)
FNDA:0,(anonymous_1)
FNDA:0,(anonymous_2)
FNDA:0,(anonymous_3)
FNDA:0,(anonymous_4)
DA:5,6
DA:7,6
DA:11,6
DA:14,6
DA:17,6
DA:20,6
DA:23,6
DA:26,6
DA:36,6
DA:37,0
DA:38,0
DA:39,0
DA:41,0
DA:42,0
DA:46,0
DA:49,0
DA:52,0
DA:53,0
DA:56,0
DA:58,0
DA:60,0
DA:62,0
DA:66,0
DA:67,0
DA:72,6
DA:73,0
DA:74,0
DA:75,0
DA:76,0
DA:78,0
DA:79,0
DA:82,0
DA:84,0
DA:86,0
DA:88,0
DA:90,0
DA:93,0
DA:94,0
DA:99,6
DA:100,0
DA:101,0
DA:103,0
DA:104,0
DA:107,0
DA:110,0
DA:112,0
DA:126,0
DA:129,0
DA:130,0
DA:135,6
DA:136,0
DA:138,0
DA:139,0
DA:141,0
DA:142,0
DA:145,0
DA:148,0
DA:151,0
DA:154,0
DA:157,0
DA:159,0
DA:160,0
DA:164,6
DA:165,0
DA:171,0
DA:172,0
DA:173,0
DA:174,0
DA:176,0
DA:177,0
DA:181,6
LF:71
LH:14
BRDA:41,0,0,0
BRDA:52,1,0,0
BRDA:52,2,0,0
BRDA:52,2,1,0
BRDA:58,3,0,0
BRDA:78,4,0,0
BRDA:78,5,0,0
BRDA:78,5,1,0
BRDA:86,6,0,0
BRDA:103,7,0,0
BRDA:141,8,0,0
BRF:11
BRH:0
end_of_record
TN:
SF:routes/activityPosts.ts
FN:17,(anonymous_0)
FN:27,(anonymous_1)
FN:40,(anonymous_2)
FN:51,(anonymous_3)
FN:61,(anonymous_4)
FN:72,(anonymous_5)
FN:73,(anonymous_6)
FN:82,(anonymous_7)
FN:122,(anonymous_8)
FN:136,(anonymous_9)
FN:151,(anonymous_10)
FN:164,(anonymous_11)
FNF:12
FNH:10
FNDA:39,(anonymous_0)
FNDA:2,(anonymous_1)
FNDA:0,(anonymous_2)
FNDA:0,(anonymous_3)
FNDA:3,(anonymous_4)
FNDA:1,(anonymous_5)
FNDA:1,(anonymous_6)
FNDA:1,(anonymous_7)
FNDA:1,(anonymous_8)
FNDA:3,(anonymous_9)
FNDA:7,(anonymous_10)
FNDA:10,(anonymous_11)
DA:3,6
DA:4,6
DA:5,6
DA:7,6
DA:17,6
DA:18,39
DA:19,39
DA:20,39
DA:21,39
DA:23,0
DA:27,6
DA:28,2
DA:29,2
DA:30,2
DA:31,2
DA:32,0
DA:34,2
DA:36,0
DA:40,6
DA:41,0
DA:42,0
DA:43,0
DA:44,0
DA:46,0
DA:47,0
DA:51,6
DA:52,0
DA:53,0
DA:54,0
DA:55,0
DA:57,0
DA:61,6
DA:62,3
DA:63,3
DA:64,3
DA:65,3
DA:66,3
DA:67,1
DA:69,3
DA:70,3
DA:71,3
DA:72,1
DA:73,1
DA:76,1
DA:77,1
DA:78,1
DA:79,1
DA:80,0
DA:82,2
DA:83,2
DA:94,2
DA:105,2
DA:116,2
DA:118,1
DA:122,6
DA:123,1
DA:124,1
DA:125,1
DA:126,1
DA:127,1
DA:128,0
DA:130,1
DA:132,0
DA:136,6
DA:137,3
DA:138,3
DA:139,3
DA:140,3
DA:141,3
DA:142,1
DA:143,1
DA:145,2
DA:147,0
DA:151,6
DA:152,7
DA:153,7
DA:154,7
DA:155,7
DA:156,0
DA:158,7
DA:160,0
DA:164,6
DA:165,10
DA:167,10
DA:168,10
DA:170,10
DA:171,10
DA:172,10
DA:173,10
DA:174,10
DA:175,10
DA:177,3
DA:179,3
DA:183,10
DA:186,10
DA:188,0
DA:189,0
DA:190,0
DA:191,0
DA:193,0
DA:195,0
DA:199,0
DA:200,0
DA:204,6
LF:104
LH:76
BRDA:31,0,0,0
BRDA:66,1,0,1
BRDA:127,2,0,0
BRDA:141,3,0,1
BRDA:155,4,0,0
BRDA:171,5,0,3
BRDA:172,6,0,2
BRDA:173,7,0,0
BRDA:174,8,0,0
BRDA:175,9,0,3
BRDA:190,10,0,0
BRF:11
BRH:5
end_of_record
TN:
SF:routes/allPosts.ts
FN:15,(anonymous_0)
FN:23,(anonymous_1)
FN:38,(anonymous_2)
FN:44,(anonymous_3)
FN:59,(anonymous_4)
FN:83,(anonymous_5)
FNF:6
FNH:2
FNDA:4,(anonymous_0)
FNDA:3,(anonymous_1)
FNDA:0,(anonymous_2)
FNDA:0,(anonymous_3)
FNDA:0,(anonymous_4)
FNDA:0,(anonymous_5)
DA:4,6
DA:6,6
DA:7,6
DA:9,6
DA:10,6
DA:12,6
DA:13,6
DA:15,6
DA:16,4
DA:17,4
DA:18,4
DA:20,4
DA:23,4
DA:24,3
DA:25,3
DA:26,3
DA:29,4
DA:30,1
DA:32,3
DA:34,0
DA:38,6
DA:39,0
DA:40,0
DA:41,0
DA:42,0
DA:43,0
DA:44,0
DA:45,0
DA:46,0
DA:47,0
DA:49,0
DA:50,0
DA:52,0
DA:54,0
DA:55,0
DA:59,6
DA:60,0
DA:61,0
DA:62,0
DA:64,0
DA:65,0
DA:67,0
DA:68,0
DA:69,0
DA:70,0
DA:71,0
DA:72,0
DA:77,0
DA:78,0
DA:79,0
DA:80,0
DA:81,0
DA:83,0
DA:84,0
DA:85,0
DA:86,0
DA:89,0
DA:90,0
DA:92,0
DA:97,6
LF:60
LH:22
BRDA:29,0,0,1
BRDA:49,1,0,0
BRDA:70,2,0,0
BRDA:89,3,0,0
BRF:4
BRH:1
end_of_record
TN:
SF:routes/coursePostPics.ts
FN:36,(anonymous_0)
FN:72,(anonymous_1)
FN:99,(anonymous_2)
FN:135,(anonymous_3)
FN:164,(anonymous_4)
FNF:5
FNH:0
FNDA:0,(anonymous_0)
FNDA:0,(anonymous_1)
FNDA:0,(anonymous_2)
FNDA:0,(anonymous_3)
FNDA:0,(anonymous_4)
DA:5,6
DA:7,6
DA:11,6
DA:14,6
DA:17,6
DA:20,6
DA:23,6
DA:26,6
DA:36,6
DA:37,0
DA:38,0
DA:39,0
DA:41,0
DA:42,0
DA:46,0
DA:49,0
DA:52,0
DA:53,0
DA:56,0
DA:58,0
DA:60,0
DA:62,0
DA:66,0
DA:67,0
DA:72,6
DA:73,0
DA:74,0
DA:75,0
DA:76,0
DA:78,0
DA:79,0
DA:82,0
DA:84,0
DA:86,0
DA:88,0
DA:90,0
DA:93,0
DA:94,0
DA:99,6
DA:100,0
DA:101,0
DA:103,0
DA:104,0
DA:107,0
DA:110,0
DA:112,0
DA:126,0
DA:129,0
DA:130,0
DA:135,6
DA:136,0
DA:138,0
DA:139,0
DA:141,0
DA:142,0
DA:145,0
DA:148,0
DA:151,0
DA:154,0
DA:157,0
DA:159,0
DA:160,0
DA:164,6
DA:165,0
DA:171,0
DA:172,0
DA:173,0
DA:174,0
DA:176,0
DA:177,0
DA:181,6
LF:71
LH:14
BRDA:41,0,0,0
BRDA:52,1,0,0
BRDA:52,2,0,0
BRDA:52,2,1,0
BRDA:58,3,0,0
BRDA:78,4,0,0
BRDA:78,5,0,0
BRDA:78,5,1,0
BRDA:86,6,0,0
BRDA:103,7,0,0
BRDA:141,8,0,0
BRF:11
BRH:0
end_of_record
TN:
SF:routes/coursePosts.ts
FN:8,(anonymous_0)
FN:19,(anonymous_1)
FN:33,(anonymous_2)
FN:44,(anonymous_3)
FN:55,(anonymous_4)
FN:65,(anonymous_5)
FN:76,(anonymous_6)
FN:77,(anonymous_7)
FN:86,(anonymous_8)
FN:127,(anonymous_9)
FN:142,(anonymous_10)
FN:157,(anonymous_11)
FN:172,(anonymous_12)
FNF:13
FNH:11
FNDA:36,(anonymous_0)
FNDA:2,(anonymous_1)
FNDA:7,(anonymous_2)
FNDA:0,(anonymous_3)
FNDA:0,(anonymous_4)
FNDA:3,(anonymous_5)
FNDA:1,(anonymous_6)
FNDA:1,(anonymous_7)
FNDA:1,(anonymous_8)
FNDA:1,(anonymous_9)
FNDA:3,(anonymous_10)
FNDA:7,(anonymous_11)
FNDA:3,(anonymous_12)
DA:3,6
DA:4,6
DA:5,6
DA:6,6
DA:8,6
DA:9,36
DA:10,36
DA:11,36
DA:12,36
DA:14,0
DA:15,0
DA:19,6
DA:20,2
DA:21,2
DA:22,2
DA:23,2
DA:24,0
DA:26,2
DA:28,0
DA:29,0
DA:33,6
DA:34,7
DA:35,7
DA:36,7
DA:37,7
DA:39,0
DA:40,0
DA:44,6
DA:45,0
DA:46,0
DA:47,0
DA:48,0
DA:50,0
DA:51,0
DA:55,6
DA:56,0
DA:57,0
DA:58,0
DA:59,0
DA:61,0
DA:65,6
DA:66,3
DA:67,3
DA:68,3
DA:69,3
DA:70,3
DA:71,1
DA:73,3
DA:74,3
DA:75,3
DA:76,1
DA:77,1
DA:80,1
DA:81,1
DA:82,1
DA:83,1
DA:84,0
DA:86,2
DA:87,2
DA:98,2
DA:109,2
DA:121,2
DA:123,1
DA:127,6
DA:128,1
DA:129,1
DA:130,1
DA:131,1
DA:132,1
DA:133,0
DA:135,1
DA:137,0
DA:138,0
DA:142,6
DA:143,3
DA:144,3
DA:145,3
DA:146,3
DA:147,3
DA:148,2
DA:149,2
DA:151,1
DA:153,0
DA:157,6
DA:158,7
DA:159,7
DA:160,7
DA:161,7
DA:162,1
DA:164,6
DA:166,0
DA:167,0
DA:172,6
DA:173,3
DA:174,3
DA:175,3
DA:176,3
DA:177,0
DA:180,3
DA:181,3
DA:183,3
DA:184,3
DA:185,8
DA:187,3
DA:189,3
DA:194,3
DA:195,1
DA:196,1
DA:197,1
DA:198,2
DA:199,1
DA:200,1
DA:201,1
DA:203,1
DA:204,1
DA:205,1
DA:210,3
DA:211,1
DA:212,2
DA:213,1
DA:215,1
DA:218,3
DA:220,0
DA:221,0
DA:225,6
LF:125
LH:97
BRDA:23,0,0,0
BRDA:70,1,0,1
BRDA:132,2,0,0
BRDA:147,3,0,2
BRDA:161,4,0,1
BRDA:176,5,0,0
BRDA:194,6,0,1
BRDA:194,6,1,2
BRDA:198,7,0,1
BRDA:198,7,1,1
BRDA:210,8,0,1
BRDA:210,8,1,2
BRDA:212,9,0,1
BRDA:212,9,1,1
BRF:14
BRH:11
end_of_record
TN:
SF:routes/courses.ts
FN:7,(anonymous_0)
FN:18,(anonymous_1)
FN:31,(anonymous_2)
FN:41,(anonymous_3)
FN:51,(anonymous_4)
FN:61,(anonymous_5)
FNF:6
FNH:0
FNDA:0,(anonymous_0)
FNDA:0,(anonymous_1)
FNDA:0,(anonymous_2)
FNDA:0,(anonymous_3)
FNDA:0,(anonymous_4)
FNDA:0,(anonymous_5)
DA:3,6
DA:4,6
DA:5,6
DA:7,6
DA:8,0
DA:9,0
DA:10,0
DA:11,0
DA:13,0
DA:14,0
DA:18,6
DA:19,0
DA:20,0
DA:21,0
DA:22,0
DA:23,0
DA:25,0
DA:27,0
DA:31,6
DA:32,0
DA:33,0
DA:34,0
DA:35,0
DA:37,0
DA:41,6
DA:42,0
DA:43,0
DA:44,0
DA:45,0
DA:47,0
DA:51,6
DA:52,0
DA:53,0
DA:54,0
DA:55,0
DA:57,0
DA:61,6
DA:62,0
DA:63,0
DA:64,0
DA:65,0
DA:66,0
DA:68,0
DA:70,0
DA:74,6
LF:45
LH:10
BRDA:22,0,0,0
BRDA:65,1,0,0
BRF:2
BRH:0
end_of_record
TN:
SF:routes/index.ts
FNF:0
FNH:0
DA:3,6
DA:4,6
DA:8,6
DA:10,6
DA:12,6
DA:14,6
DA:16,6
DA:18,6
DA:20,6
DA:22,6
DA:24,6
DA:26,6
DA:28,6
LF:13
LH:13
BRF:0
BRH:0
end_of_record
TN:
SF:routes/postReviews.ts
FN:19,(anonymous_0)
FN:58,(anonymous_1)
FN:83,(anonymous_2)
FN:111,(anonymous_3)
FN:131,(anonymous_4)
FN:135,(anonymous_5)
FNF:6
FNH:2
FNDA:0,(anonymous_0)
FNDA:1,(anonymous_1)
FNDA:0,(anonymous_2)
FNDA:3,(anonymous_3)
FNDA:0,(anonymous_4)
FNDA:0,(anonymous_5)
DA:3,6
DA:4,6
DA:5,6
DA:7,6
DA:8,6
DA:10,6
DA:11,6
DA:13,6
DA:14,6
DA:16,6
DA:17,6
DA:19,6
DA:20,0
DA:21,0
DA:23,0
DA:24,0
DA:25,0
DA:28,0
DA:29,0
DA:30,0
DA:32,0
DA:33,0
DA:36,0
DA:37,0
DA:38,0
DA:39,0
DA:40,0
DA:44,0
DA:45,0
DA:49,0
DA:52,0
DA:53,0
DA:58,6
DA:59,1
DA:61,1
DA:62,1
DA:64,1
DA:65,1
DA:67,1
DA:72,0
DA:75,0
DA:78,0
DA:79,0
DA:83,6
DA:84,0
DA:85,0
DA:87,0
DA:90,0
DA:91,0
DA:93,0
DA:94,0
DA:96,0
DA:98,0
DA:101,0
DA:104,0
DA:106,0
DA:107,0
DA:111,6
DA:112,3
DA:113,3
DA:116,3
DA:117,3
DA:118,1
DA:122,2
DA:123,2
DA:125,1
DA:126,1
DA:128,1
DA:131,0
DA:132,0
DA:135,1
DA:136,1
DA:140,1
DA:141,1
DA:143,0
DA:144,0
DA:148,6
LF:77
LH:36
BRDA:24,0,0,0
BRDA:32,1,0,0
BRDA:39,2,0,0
BRDA:39,3,0,0
BRDA:39,3,1,0
BRDA:44,4,0,0
BRDA:62,5,0,1
BRDA:65,6,0,1
BRDA:91,7,0,0
BRDA:91,7,1,0
BRDA:94,8,0,0
BRDA:94,8,1,0
BRDA:117,9,0,1
BRDA:123,10,0,1
BRDA:123,10,1,1
BRDA:126,11,0,1
BRDA:126,11,1,0
BRF:17
BRH:6
end_of_record
TN:
SF:routes/profilePics.ts
FN:36,(anonymous_0)
FN:74,(anonymous_1)
FN:101,(anonymous_2)
FN:137,(anonymous_3)
FN:166,(anonymous_4)
FNF:5
FNH:0
FNDA:0,(anonymous_0)
FNDA:0,(anonymous_1)
FNDA:0,(anonymous_2)
FNDA:0,(anonymous_3)
FNDA:0,(anonymous_4)
DA:5,6
DA:7,6
DA:11,6
DA:14,6
DA:17,6
DA:20,6
DA:23,6
DA:26,6
DA:36,6
DA:37,0
DA:38,0
DA:39,0
DA:40,0
DA:41,0
DA:45,0
DA:48,0
DA:51,0
DA:52,0
DA:55,0
DA:57,0
DA:59,0
DA:61,0
DA:68,0
DA:69,0
DA:74,6
DA:75,0
DA:76,0
DA:77,0
DA:78,0
DA:80,0
DA:81,0
DA:84,0
DA:86,0
DA:88,0
DA:90,0
DA:92,0
DA:95,0
DA:96,0
DA:101,6
DA:102,0
DA:103,0
DA:105,0
DA:106,0
DA:109,0
DA:112,0
DA:114,0
DA:128,0
DA:131,0
DA:132,0
DA:137,6
DA:138,0
DA:140,0
DA:141,0
DA:143,0
DA:144,0
DA:147,0
DA:150,0
DA:153,0
DA:156,0
DA:159,0
DA:161,0
DA:162,0
DA:166,6
DA:167,0
DA:173,0
DA:174,0
DA:175,0
DA:177,0
DA:178,0
DA:182,6
LF:70
LH:14
BRDA:40,0,0,0
BRDA:51,1,0,0
BRDA:51,2,0,0
BRDA:51,2,1,0
BRDA:57,3,0,0
BRDA:80,4,0,0
BRDA:80,5,0,0
BRDA:80,5,1,0
BRDA:88,6,0,0
BRDA:105,7,0,0
BRDA:143,8,0,0
BRF:11
BRH:0
end_of_record
TN:
SF:routes/profiles.ts
FN:10,(anonymous_0)
FN:20,(anonymous_1)
FN:30,(anonymous_2)
FN:41,(anonymous_3)
FN:51,(anonymous_4)
FN:61,(anonymous_5)
FN:71,(anonymous_6)
FN:83,(anonymous_7)
FN:95,(anonymous_8)
FN:110,(anonymous_9)
FN:127,(anonymous_10)
FN:143,(anonymous_11)
FN:154,(anonymous_12)
FN:155,(anonymous_13)
FN:164,(anonymous_14)
FN:204,(anonymous_15)
FNF:16
FNH:13
FNDA:23,(anonymous_0)
FNDA:2,(anonymous_1)
FNDA:3,(anonymous_2)
FNDA:1,(anonymous_3)
FNDA:0,(anonymous_4)
FNDA:1,(anonymous_5)
FNDA:5,(anonymous_6)
FNDA:1,(anonymous_7)
FNDA:3,(anonymous_8)
FNDA:0,(anonymous_9)
FNDA:0,(anonymous_10)
FNDA:6,(anonymous_11)
FNDA:3,(anonymous_12)
FNDA:3,(anonymous_13)
FNDA:3,(anonymous_14)
FNDA:13,(anonymous_15)
DA:2,6
DA:4,6
DA:6,6
DA:8,6
DA:10,6
DA:11,23
DA:12,23
DA:13,23
DA:14,23
DA:16,0
DA:20,6
DA:21,2
DA:22,2
DA:23,2
DA:24,2
DA:26,0
DA:30,6
DA:31,3
DA:32,3
DA:33,3
DA:34,3
DA:36,0
DA:41,6
DA:42,1
DA:43,1
DA:44,1
DA:45,1
DA:47,0
DA:51,6
DA:52,0
DA:53,0
DA:54,0
DA:55,0
DA:57,0
DA:61,6
DA:62,1
DA:63,1
DA:64,1
DA:65,1
DA:67,0
DA:71,6
DA:72,5
DA:73,5
DA:75,5
DA:76,5
DA:77,5
DA:79,0
DA:83,6
DA:84,1
DA:85,1
DA:86,1
DA:87,1
DA:88,1
DA:90,0
DA:95,6
DA:96,3
DA:97,3
DA:98,3
DA:99,3
DA:100,3
DA:101,0
DA:102,0
DA:104,3
DA:106,0
DA:110,6
DA:111,0
DA:112,0
DA:113,0
DA:114,0
DA:115,0
DA:116,0
DA:117,0
DA:120,0
DA:122,0
DA:127,6
DA:128,0
DA:129,0
DA:130,0
DA:132,0
DA:133,0
DA:134,0
DA:135,0
DA:137,0
DA:139,0
DA:143,6
DA:144,6
DA:145,6
DA:146,6
DA:147,6
DA:148,6
DA:149,0
DA:151,6
DA:152,6
DA:153,6
DA:154,3
DA:155,3
DA:158,0
DA:159,0
DA:160,0
DA:161,0
DA:162,0
DA:164,6
DA:165,6
DA:176,6
DA:187,6
DA:198,6
DA:200,0
DA:204,6
DA:205,13
DA:206,13
DA:207,13
DA:208,13
DA:210,0
DA:214,6
LF:114
LH:73
BRDA:100,0,0,0
BRDA:115,1,0,0
BRDA:133,2,0,0
BRDA:148,3,0,0
BRF:4
BRH:0
end_of_record
TN:
SF:routes/reports.ts
FN:7,(anonymous_0)
FN:17,(anonymous_1)
FN:27,(anonymous_2)
FN:40,(anonymous_3)
FN:51,(anonymous_4)
FN:62,(anonymous_5)
FN:75,(anonymous_6)
FN:89,(anonymous_7)
FNF:8
FNH:0
FNDA:0,(anonymous_0)
FNDA:0,(anonymous_1)
FNDA:0,(anonymous_2)
FNDA:0,(anonymous_3)
FNDA:0,(anonymous_4)
FNDA:0,(anonymous_5)
FNDA:0,(anonymous_6)
FNDA:0,(anonymous_7)
DA:3,6
DA:4,6
DA:5,6
DA:7,6
DA:8,0
DA:9,0
DA:10,0
DA:11,0
DA:13,0
DA:17,6
DA:18,0
DA:19,0
DA:20,0
DA:22,0
DA:23,0
DA:27,6
DA:28,0
DA:29,0
DA:30,0
DA:31,0
DA:32,0
DA:34,0
DA:36,0
DA:40,6
DA:41,0
DA:42,0
DA:43,0
DA:44,0
DA:46,0
DA:47,0
DA:51,6
DA:52,0
DA:53,0
DA:54,0
DA:55,0
DA:57,0
DA:58,0
DA:62,6
DA:63,0
DA:64,0
DA:65,0
DA:66,0
DA:67,0
DA:69,0
DA:71,0
DA:75,6
DA:76,0
DA:77,0
DA:78,0
DA:79,0
DA:80,0
DA:81,0
DA:83,0
DA:85,0
DA:89,6
DA:90,0
DA:91,0
DA:92,0
DA:93,0
DA:94,0
DA:96,0
DA:98,0
DA:102,6
LF:63
LH:12
BRDA:31,0,0,0
BRDA:66,1,0,0
BRDA:80,2,0,0
BRDA:93,3,0,0
BRF:4
BRH:0
end_of_record
